<?xml version="1.0" encoding="UTF-8" ?>
<testsuites name="vitest tests" tests="1028" failures="0" errors="0" time="3.858">
    <testsuite name="tests/unit/cache-placeholder-logic.test.js" timestamp="2025-09-12T18:06:46.982Z" hostname="Damilolas-MacBook-Air.local" tests="5" failures="0" errors="0" skipped="0" time="0.001962333">
        <testcase classname="tests/unit/cache-placeholder-logic.test.js" name="Cache Placeholder Logic &gt; Placeholder Detection and Fail-Fast Behavior &gt; should fail fast when placeholder cache data has isPlaceholder: true" time="0.001052583">
            <system-out>
Gallery cache cleared
Gallery: Rejecting placeholder cache data - failing fast
Gallery cache cleared

            </system-out>
            <system-err>
Gallery Service Error: Error: FATAL: Google Drive secret not configured. Build-time cache contains only placeholder data.
    at GalleryService.getGalleryData [90m(/Users/damilola/Documents/Projects/alocubano.boulderfest/[39mlib/gallery-service.js:43:19[90m)[39m
[90m    at processTicksAndRejections (node:internal/process/task_queues:105:5)[39m

            </system-err>
        </testcase>
        <testcase classname="tests/unit/cache-placeholder-logic.test.js" name="Cache Placeholder Logic &gt; Placeholder Detection and Fail-Fast Behavior &gt; should accept cache data without isPlaceholder flag (real data)" time="0.000319333">
            <system-out>
Gallery cache cleared
Gallery: Serving from build-time cache
Gallery cache cleared

            </system-out>
        </testcase>
        <testcase classname="tests/unit/cache-placeholder-logic.test.js" name="Cache Placeholder Logic &gt; Placeholder Detection and Fail-Fast Behavior &gt; should accept empty cache data without isPlaceholder flag (empty but valid)" time="0.000128458">
            <system-out>
Gallery cache cleared
Gallery: Serving from build-time cache
Gallery cache cleared

            </system-out>
        </testcase>
        <testcase classname="tests/unit/cache-placeholder-logic.test.js" name="Cache Placeholder Logic &gt; Placeholder Detection and Fail-Fast Behavior &gt; should fail fast when runtime cache has isPlaceholder: true" time="0.000244417">
            <system-out>
Gallery cache cleared
Gallery: Rejecting placeholder runtime cache data - failing fast
Gallery cache cleared

            </system-out>
            <system-err>
Gallery Service Error: Error: FATAL: Google Drive secret not configured. Runtime cache contains only placeholder data.
    at GalleryService.getGalleryData [90m(/Users/damilola/Documents/Projects/alocubano.boulderfest/[39mlib/gallery-service.js:62:17[90m)[39m
[90m    at processTicksAndRejections (node:internal/process/task_queues:105:5)[39m

            </system-err>
        </testcase>
        <testcase classname="tests/unit/cache-placeholder-logic.test.js" name="Cache Placeholder Logic &gt; Cache Generation Logic &gt; should correctly identify placeholder vs real data" time="0.000083916">
            <system-out>
Gallery cache cleared
Gallery cache cleared

            </system-out>
        </testcase>
    </testsuite>
    <testsuite name="tests/unit/dark-mode-verification.test.js" timestamp="2025-09-12T18:06:46.983Z" hostname="Damilolas-MacBook-Air.local" tests="34" failures="0" errors="0" skipped="0" time="0.006257042">
        <testcase classname="tests/unit/dark-mode-verification.test.js" name="Dark Mode Verification Tests &gt; 1. Muted Text Contrast (--color-gray-400) &gt; should use --color-gray-400 (#999999) for muted text" time="0.001545917">
        </testcase>
        <testcase classname="tests/unit/dark-mode-verification.test.js" name="Dark Mode Verification Tests &gt; 1. Muted Text Contrast (--color-gray-400) &gt; should meet WCAG AA contrast ratio for muted text on dark backgrounds" time="0.000147209">
        </testcase>
        <testcase classname="tests/unit/dark-mode-verification.test.js" name="Dark Mode Verification Tests &gt; 1. Muted Text Contrast (--color-gray-400) &gt; should have proper contrast for muted text in dark mode" time="0.000111791">
        </testcase>
        <testcase classname="tests/unit/dark-mode-verification.test.js" name="Dark Mode Verification Tests &gt; 2. Form Border Contrast (--color-gray-600) &gt; should use --color-gray-600 (#666666) for form borders" time="0.000072625">
        </testcase>
        <testcase classname="tests/unit/dark-mode-verification.test.js" name="Dark Mode Verification Tests &gt; 2. Form Border Contrast (--color-gray-600) &gt; should meet WCAG AA contrast ratio for form borders" time="0.000064708">
        </testcase>
        <testcase classname="tests/unit/dark-mode-verification.test.js" name="Dark Mode Verification Tests &gt; 2. Form Border Contrast (--color-gray-600) &gt; should have sufficient contrast for form elements in dark mode" time="0.000068958">
        </testcase>
        <testcase classname="tests/unit/dark-mode-verification.test.js" name="Dark Mode Verification Tests &gt; 3. Navigation Hamburger Menu Visibility &gt; should have visible hamburger menu styles in dark mode" time="0.000063833">
        </testcase>
        <testcase classname="tests/unit/dark-mode-verification.test.js" name="Dark Mode Verification Tests &gt; 3. Navigation Hamburger Menu Visibility &gt; should have proper contrast for hamburger menu lines" time="0.000059209">
        </testcase>
        <testcase classname="tests/unit/dark-mode-verification.test.js" name="Dark Mode Verification Tests &gt; 3. Navigation Hamburger Menu Visibility &gt; should have hover states for hamburger menu" time="0.000075">
        </testcase>
        <testcase classname="tests/unit/dark-mode-verification.test.js" name="Dark Mode Verification Tests &gt; 4. Disabled Form States &gt; should have proper disabled form styling" time="0.000086667">
        </testcase>
        <testcase classname="tests/unit/dark-mode-verification.test.js" name="Dark Mode Verification Tests &gt; 4. Disabled Form States &gt; should have disabled button styles" time="0.000075792">
        </testcase>
        <testcase classname="tests/unit/dark-mode-verification.test.js" name="Dark Mode Verification Tests &gt; 4. Disabled Form States &gt; should meet contrast requirements for disabled states" time="0.000062666">
        </testcase>
        <testcase classname="tests/unit/dark-mode-verification.test.js" name="Dark Mode Verification Tests &gt; 5. Placeholder Text Contrast &gt; should use --color-text-secondary for placeholders" time="0.000065459">
        </testcase>
        <testcase classname="tests/unit/dark-mode-verification.test.js" name="Dark Mode Verification Tests &gt; 5. Placeholder Text Contrast &gt; should have dark mode specific placeholder styles" time="0.000059834">
        </testcase>
        <testcase classname="tests/unit/dark-mode-verification.test.js" name="Dark Mode Verification Tests &gt; 5. Placeholder Text Contrast &gt; should meet contrast requirements for placeholder text" time="0.000052834">
        </testcase>
        <testcase classname="tests/unit/dark-mode-verification.test.js" name="Dark Mode Verification Tests &gt; 6. Mobile Login Screen Colors &gt; should use CSS variables instead of hardcoded colors" time="0.000390542">
        </testcase>
        <testcase classname="tests/unit/dark-mode-verification.test.js" name="Dark Mode Verification Tests &gt; 6. Mobile Login Screen Colors &gt; should have proper dark theme enforcement" time="0.000079167">
        </testcase>
        <testcase classname="tests/unit/dark-mode-verification.test.js" name="Dark Mode Verification Tests &gt; 7. Chart.js Theme Integration &gt; should have theme-aware color management functions" time="0.000666209">
        </testcase>
        <testcase classname="tests/unit/dark-mode-verification.test.js" name="Dark Mode Verification Tests &gt; 7. Chart.js Theme Integration &gt; should listen for theme changes" time="0.000104042">
        </testcase>
        <testcase classname="tests/unit/dark-mode-verification.test.js" name="Dark Mode Verification Tests &gt; 7. Chart.js Theme Integration &gt; should use CSS variables for chart colors" time="0.000107417">
        </testcase>
        <testcase classname="tests/unit/dark-mode-verification.test.js" name="Dark Mode Verification Tests &gt; 8. Comprehensive Color Usage Validation &gt; should have consistent dark mode color mappings" time="0.000080792">
        </testcase>
        <testcase classname="tests/unit/dark-mode-verification.test.js" name="Dark Mode Verification Tests &gt; 8. Comprehensive Color Usage Validation &gt; should have system preference support" time="0.000054625">
        </testcase>
        <testcase classname="tests/unit/dark-mode-verification.test.js" name="Dark Mode Verification Tests &gt; 9. Admin Page Specific Tests &gt; should enforce dark theme on all admin pages" time="0.000824958">
        </testcase>
        <testcase classname="tests/unit/dark-mode-verification.test.js" name="Dark Mode Verification Tests &gt; 9. Admin Page Specific Tests &gt; should include theme manager on all admin pages" time="0.000153375">
        </testcase>
        <testcase classname="tests/unit/dark-mode-verification.test.js" name="Dark Mode Verification Tests &gt; 9. Admin Page Specific Tests &gt; should use consistent CSS imports" time="0.000149125">
        </testcase>
        <testcase classname="tests/unit/dark-mode-verification.test.js" name="Dark Mode Verification Tests &gt; 10. Actual Contrast Ratio Calculations &gt; should calculate exact contrast ratios for critical combinations" time="0.000143792">
        </testcase>
        <testcase classname="tests/unit/dark-mode-verification.test.js" name="Dark Mode Verification Tests &gt; 11. Navigation Dark Mode Fixes &gt; should have dark mode mobile menu backdrop opacity" time="0.000069167">
        </testcase>
        <testcase classname="tests/unit/dark-mode-verification.test.js" name="Dark Mode Verification Tests &gt; 11. Navigation Dark Mode Fixes &gt; should have dark mode dropdown link contrast" time="0.000075958">
        </testcase>
        <testcase classname="tests/unit/dark-mode-verification.test.js" name="Dark Mode Verification Tests &gt; 11. Navigation Dark Mode Fixes &gt; should have proper hover states for dark mode" time="0.000081167">
        </testcase>
        <testcase classname="tests/unit/dark-mode-verification.test.js" name="Form Validation - Disabled State Tests &gt; should have comprehensive disabled form element coverage" time="0.00011075">
        </testcase>
        <testcase classname="tests/unit/dark-mode-verification.test.js" name="Form Validation - Disabled State Tests &gt; should have disabled state styling properties" time="0.000066583">
        </testcase>
        <testcase classname="tests/unit/dark-mode-verification.test.js" name="Form Validation - Disabled State Tests &gt; should prevent hover effects on disabled elements" time="0.000050417">
        </testcase>
        <testcase classname="tests/unit/dark-mode-verification.test.js" name="CSS Variable Consistency Tests &gt; should have all required gray scale variables" time="0.000082042">
        </testcase>
        <testcase classname="tests/unit/dark-mode-verification.test.js" name="CSS Variable Consistency Tests &gt; should have proper semantic color mappings" time="0.000060584">
        </testcase>
    </testsuite>
    <testsuite name="tests/unit/theme-manager.test.js" timestamp="2025-09-12T18:06:46.984Z" hostname="Damilolas-MacBook-Air.local" tests="38" failures="0" errors="0" skipped="0" time="0.371451167">
        <testcase classname="tests/unit/theme-manager.test.js" name="ThemeManager &gt; THEMES constants &gt; should define all theme constants" time="0.000511459">
        </testcase>
        <testcase classname="tests/unit/theme-manager.test.js" name="ThemeManager &gt; THEMES constants &gt; should have all expected theme values" time="0.000396916">
        </testcase>
        <testcase classname="tests/unit/theme-manager.test.js" name="ThemeManager &gt; isAdminPage &gt; should detect admin pages correctly" time="0.000213042">
        </testcase>
        <testcase classname="tests/unit/theme-manager.test.js" name="ThemeManager &gt; isAdminPage &gt; should not detect non-admin pages as admin" time="0.00016175">
        </testcase>
        <testcase classname="tests/unit/theme-manager.test.js" name="ThemeManager &gt; isAdminPage &gt; should be case-insensitive" time="0.000154208">
        </testcase>
        <testcase classname="tests/unit/theme-manager.test.js" name="ThemeManager &gt; isAdminPage &gt; should handle edge cases" time="0.000236333">
        </testcase>
        <testcase classname="tests/unit/theme-manager.test.js" name="ThemeManager &gt; hybrid theme behavior &gt; should return dark theme for admin pages" time="0.000144458">
        </testcase>
        <testcase classname="tests/unit/theme-manager.test.js" name="ThemeManager &gt; hybrid theme behavior &gt; should return system/light theme for main site pages by default" time="0.000212167">
        </testcase>
        <testcase classname="tests/unit/theme-manager.test.js" name="ThemeManager &gt; hybrid theme behavior &gt; should not use localStorage for admin pages" time="0.000182792">
        </testcase>
        <testcase classname="tests/unit/theme-manager.test.js" name="ThemeManager &gt; hybrid theme behavior &gt; should use localStorage for main site pages" time="0.000202625">
        </testcase>
        <testcase classname="tests/unit/theme-manager.test.js" name="ThemeManager &gt; theme determination &gt; should determine theme correctly for admin vs main site" time="0.00024625">
        </testcase>
        <testcase classname="tests/unit/theme-manager.test.js" name="ThemeManager &gt; theme determination &gt; should be affected by system preferences on main site" time="0.000181834">
        </testcase>
        <testcase classname="tests/unit/theme-manager.test.js" name="ThemeManager &gt; theme determination &gt; should handle missing matchMedia gracefully" time="0.000259875">
        </testcase>
        <testcase classname="tests/unit/theme-manager.test.js" name="ThemeManager &gt; theme application to DOM &gt; should apply dark theme for admin pages" time="0.023306">
        </testcase>
        <testcase classname="tests/unit/theme-manager.test.js" name="ThemeManager &gt; theme application to DOM &gt; should apply light theme for main site pages" time="0.022127459">
        </testcase>
        <testcase classname="tests/unit/theme-manager.test.js" name="ThemeManager &gt; theme application to DOM &gt; should handle missing document gracefully" time="0.000439334">
        </testcase>
        <testcase classname="tests/unit/theme-manager.test.js" name="ThemeManager &gt; theme application to DOM &gt; should dispatch themechange event on initialization" time="0.023241208">
        </testcase>
        <testcase classname="tests/unit/theme-manager.test.js" name="ThemeManager &gt; getCurrentTheme &gt; should return theme based on page type for admin pages" time="0.000262334">
        </testcase>
        <testcase classname="tests/unit/theme-manager.test.js" name="ThemeManager &gt; getCurrentTheme &gt; should return light theme for main site pages" time="0.000273791">
        </testcase>
        <testcase classname="tests/unit/theme-manager.test.js" name="ThemeManager &gt; getCurrentTheme &gt; should handle missing document gracefully" time="0.000297625">
        </testcase>
        <testcase classname="tests/unit/theme-manager.test.js" name="ThemeManager &gt; initializeTheme &gt; should apply theme based on page type for admin pages" time="0.023321625">
        </testcase>
        <testcase classname="tests/unit/theme-manager.test.js" name="ThemeManager &gt; initializeTheme &gt; should apply theme based on page type for main site pages" time="0.02248225">
        </testcase>
        <testcase classname="tests/unit/theme-manager.test.js" name="ThemeManager &gt; initializeTheme &gt; should set up system theme listeners for main site pages" time="0.000441042">
        </testcase>
        <testcase classname="tests/unit/theme-manager.test.js" name="ThemeManager &gt; initializeTheme &gt; should not set up system theme listeners for admin pages" time="0.000399167">
        </testcase>
        <testcase classname="tests/unit/theme-manager.test.js" name="ThemeManager &gt; admin page theme handling &gt; should always use dark theme on admin pages" time="0.000323292">
        </testcase>
        <testcase classname="tests/unit/theme-manager.test.js" name="ThemeManager &gt; admin page theme handling &gt; should always use dark theme on admin dashboard" time="0.000339458">
        </testcase>
        <testcase classname="tests/unit/theme-manager.test.js" name="ThemeManager &gt; admin page theme handling &gt; should use system/light theme on non-admin pages by default" time="0.000465">
        </testcase>
        <testcase classname="tests/unit/theme-manager.test.js" name="ThemeManager &gt; CSS custom property integration &gt; should apply theme attribute for admin pages" time="0.021411916">
        </testcase>
        <testcase classname="tests/unit/theme-manager.test.js" name="ThemeManager &gt; CSS custom property integration &gt; should apply theme attribute for main site pages" time="0.022024583">
        </testcase>
        <testcase classname="tests/unit/theme-manager.test.js" name="ThemeManager &gt; CSS custom property integration &gt; should allow CSS selectors to target admin dark theme" time="0.084975917">
        </testcase>
        <testcase classname="tests/unit/theme-manager.test.js" name="ThemeManager &gt; edge cases and error handling &gt; should work correctly with different admin paths" time="0.000679459">
        </testcase>
        <testcase classname="tests/unit/theme-manager.test.js" name="ThemeManager &gt; edge cases and error handling &gt; should work correctly with main site paths" time="0.000902167">
        </testcase>
        <testcase classname="tests/unit/theme-manager.test.js" name="ThemeManager &gt; edge cases and error handling &gt; should handle missing localStorage gracefully" time="0.000547584">
        </testcase>
        <testcase classname="tests/unit/theme-manager.test.js" name="ThemeManager &gt; edge cases and error handling &gt; should handle document without documentElement correctly" time="0.000520666">
        </testcase>
        <testcase classname="tests/unit/theme-manager.test.js" name="ThemeManager &gt; integration scenarios &gt; should work correctly for page navigation scenarios" time="0.070332459">
        </testcase>
        <testcase classname="tests/unit/theme-manager.test.js" name="ThemeManager &gt; integration scenarios &gt; should handle theme events correctly" time="0.024496291">
        </testcase>
        <testcase classname="tests/unit/theme-manager.test.js" name="ThemeManager &gt; integration scenarios &gt; should be consistent across multiple initializations" time="0.000834875">
        </testcase>
        <testcase classname="tests/unit/theme-manager.test.js" name="ThemeManager &gt; integration scenarios &gt; should not be affected by external DOM changes" time="0.022681458">
        </testcase>
    </testsuite>
    <testsuite name="tests/unit/theme-system.test.js" timestamp="2025-09-12T18:06:46.986Z" hostname="Damilolas-MacBook-Air.local" tests="35" failures="0" errors="0" skipped="2" time="0.706598042">
        <testcase classname="tests/unit/theme-system.test.js" name="Theme System Comprehensive Tests &gt; Theme Manager Core Tests &gt; Constants and Admin Page Detection &gt; should define all theme constants correctly" time="0.002646458">
        </testcase>
        <testcase classname="tests/unit/theme-system.test.js" name="Theme System Comprehensive Tests &gt; Theme Manager Core Tests &gt; Constants and Admin Page Detection &gt; should detect admin pages correctly" time="0.000649959">
        </testcase>
        <testcase classname="tests/unit/theme-system.test.js" name="Theme System Comprehensive Tests &gt; Theme Manager Core Tests &gt; Constants and Admin Page Detection &gt; should not detect non-admin pages as admin" time="0.00049525">
        </testcase>
        <testcase classname="tests/unit/theme-system.test.js" name="Theme System Comprehensive Tests &gt; Theme Manager Core Tests &gt; System Preference Detection &gt; should detect dark system preference" time="0.000368792">
        </testcase>
        <testcase classname="tests/unit/theme-system.test.js" name="Theme System Comprehensive Tests &gt; Theme Manager Core Tests &gt; System Preference Detection &gt; should detect light system preference" time="0.00040875">
        </testcase>
        <testcase classname="tests/unit/theme-system.test.js" name="Theme System Comprehensive Tests &gt; Theme Manager Core Tests &gt; System Preference Detection &gt; should handle missing matchMedia gracefully" time="0.000293958">
        </testcase>
        <testcase classname="tests/unit/theme-system.test.js" name="Theme System Comprehensive Tests &gt; Theme Manager Core Tests &gt; LocalStorage Handling &gt; should store and retrieve theme preferences on non-admin pages" time="0.000872875">
        </testcase>
        <testcase classname="tests/unit/theme-system.test.js" name="Theme System Comprehensive Tests &gt; Theme Manager Core Tests &gt; LocalStorage Handling &gt; should not store preferences on admin pages" time="0.00038125">
        </testcase>
        <testcase classname="tests/unit/theme-system.test.js" name="Theme System Comprehensive Tests &gt; Theme Manager Core Tests &gt; LocalStorage Handling &gt; should handle invalid stored values" time="0.000282958">
        </testcase>
        <testcase classname="tests/unit/theme-system.test.js" name="Theme System Comprehensive Tests &gt; Theme Manager Core Tests &gt; LocalStorage Handling &gt; should validate theme values before setting" time="0.000330292">
        </testcase>
        <testcase classname="tests/unit/theme-system.test.js" name="Theme System Comprehensive Tests &gt; Theme Manager Core Tests &gt; Theme Determination Logic &gt; should always return dark theme for admin pages" time="0.000272667">
        </testcase>
        <testcase classname="tests/unit/theme-system.test.js" name="Theme System Comprehensive Tests &gt; Theme Manager Core Tests &gt; Theme Determination Logic &gt; should respect user preferences on main site" time="0.000307958">
        </testcase>
        <testcase classname="tests/unit/theme-system.test.js" name="Theme System Comprehensive Tests &gt; Theme Manager Core Tests &gt; Theme Determination Logic &gt; should get user preferences correctly" time="0.00026225">
        </testcase>
        <testcase classname="tests/unit/theme-system.test.js" name="Theme System Comprehensive Tests &gt; Theme Manager Core Tests &gt; DOM Theme Application &gt; should apply theme attribute correctly" time="0.053802667">
        </testcase>
        <testcase classname="tests/unit/theme-system.test.js" name="Theme System Comprehensive Tests &gt; Theme Manager Core Tests &gt; DOM Theme Application &gt; should dispatch themechange events on initialization" time="0.02114075">
        </testcase>
        <testcase classname="tests/unit/theme-system.test.js" name="Theme System Comprehensive Tests &gt; Theme Manager Core Tests &gt; DOM Theme Application &gt; should dispatch events when theme is set on main site" time="0.1257365">
        </testcase>
        <testcase classname="tests/unit/theme-system.test.js" name="Theme System Comprehensive Tests &gt; Theme Manager Core Tests &gt; System Preference Change Listeners &gt; should set up listeners on main site" time="0.002778875">
        </testcase>
        <testcase classname="tests/unit/theme-system.test.js" name="Theme System Comprehensive Tests &gt; Theme Manager Core Tests &gt; System Preference Change Listeners &gt; should not set up listeners on admin pages" time="0.001215042">
        </testcase>
        <testcase classname="tests/unit/theme-system.test.js" name="Theme System Comprehensive Tests &gt; Theme Manager Core Tests &gt; System Preference Change Listeners &gt; should handle legacy addListener for older browsers" time="0.001055083">
        </testcase>
        <testcase classname="tests/unit/theme-system.test.js" name="Theme System Comprehensive Tests &gt; Theme Toggle Component Tests &gt; Component Initialization &gt; should initialize toggle component on main site" time="0.015083125">
        </testcase>
        <testcase classname="tests/unit/theme-system.test.js" name="Theme System Comprehensive Tests &gt; Theme Toggle Component Tests &gt; Component Initialization &gt; should not initialize toggle on admin pages" time="0.000594542">
        </testcase>
        <testcase classname="tests/unit/theme-system.test.js" name="Theme System Comprehensive Tests &gt; Theme Toggle Component Tests &gt; Component Initialization &gt; should add CSS styles to document head" time="0">
            <skipped/>
        </testcase>
        <testcase classname="tests/unit/theme-system.test.js" name="Theme System Comprehensive Tests &gt; Theme Toggle Component Tests &gt; Component Initialization &gt; should not add styles twice" time="0">
            <skipped/>
        </testcase>
        <testcase classname="tests/unit/theme-system.test.js" name="Theme System Comprehensive Tests &gt; Theme Toggle Component Tests &gt; Component Initialization &gt; should handle missing container gracefully" time="0.000872458">
        </testcase>
        <testcase classname="tests/unit/theme-system.test.js" name="Theme System Comprehensive Tests &gt; Theme Toggle Component Tests &gt; Toggle State and Interactions &gt; should initialize with correct structure and default states" time="0.0038115">
        </testcase>
        <testcase classname="tests/unit/theme-system.test.js" name="Theme System Comprehensive Tests &gt; Theme Toggle Component Tests &gt; Toggle State and Interactions &gt; should handle click events and update state" time="0.105466958">
        </testcase>
        <testcase classname="tests/unit/theme-system.test.js" name="Theme System Comprehensive Tests &gt; Theme Toggle Component Tests &gt; Toggle State and Interactions &gt; should dispatch custom events on preference change" time="0.105947292">
        </testcase>
        <testcase classname="tests/unit/theme-system.test.js" name="Theme System Comprehensive Tests &gt; Theme Toggle Component Tests &gt; Accessibility Features &gt; should have proper ARIA attributes" time="0.007473416">
        </testcase>
        <testcase classname="tests/unit/theme-system.test.js" name="Theme System Comprehensive Tests &gt; Theme Toggle Component Tests &gt; Accessibility Features &gt; should have proper button titles" time="0.0036865">
        </testcase>
        <testcase classname="tests/unit/theme-system.test.js" name="Theme System Comprehensive Tests &gt; Theme Toggle Component Tests &gt; Component Lifecycle &gt; should clean up correctly when destroyed" time="0.001575917">
        </testcase>
        <testcase classname="tests/unit/theme-system.test.js" name="Theme System Comprehensive Tests &gt; Integration Scenarios &gt; should work correctly across page navigations" time="0.064023167">
        </testcase>
        <testcase classname="tests/unit/theme-system.test.js" name="Theme System Comprehensive Tests &gt; Integration Scenarios &gt; should handle complete theme system workflow" time="0.155568125">
        </testcase>
        <testcase classname="tests/unit/theme-system.test.js" name="Theme System Comprehensive Tests &gt; Integration Scenarios &gt; should handle edge cases and error conditions" time="0.003252834">
        </testcase>
        <testcase classname="tests/unit/theme-system.test.js" name="Theme System Comprehensive Tests &gt; Performance and FOUC Prevention &gt; should initialize theme immediately to prevent FOUC" time="0.021679458">
        </testcase>
        <testcase classname="tests/unit/theme-system.test.js" name="Theme System Comprehensive Tests &gt; Performance and FOUC Prevention &gt; should handle rapid theme changes efficiently" time="0.001598875">
        </testcase>
    </testsuite>
    <testsuite name="tests/unit/frontend/theme-isolation-unit.test.js" timestamp="2025-09-12T18:06:46.987Z" hostname="Damilolas-MacBook-Air.local" tests="12" failures="0" errors="0" skipped="0" time="0.012631125">
        <testcase classname="tests/unit/frontend/theme-isolation-unit.test.js" name="Theme Isolation &gt; Dark Theme Application &gt; should apply dark styles when data-theme=&quot;dark&quot; is present" time="0.004167875">
        </testcase>
        <testcase classname="tests/unit/frontend/theme-isolation-unit.test.js" name="Theme Isolation &gt; Dark Theme Application &gt; should isolate admin components when in dark theme" time="0.001878625">
        </testcase>
        <testcase classname="tests/unit/frontend/theme-isolation-unit.test.js" name="Theme Isolation &gt; Light Theme Application &gt; should apply light styles when data-theme=&quot;light&quot; is explicitly set" time="0.000685167">
        </testcase>
        <testcase classname="tests/unit/frontend/theme-isolation-unit.test.js" name="Theme Isolation &gt; Light Theme Application &gt; should apply light styles when data-theme is absent" time="0.000553209">
        </testcase>
        <testcase classname="tests/unit/frontend/theme-isolation-unit.test.js" name="Theme Isolation &gt; Style Leakage Prevention &gt; should not apply dark theme styles without data-theme=&quot;dark&quot;" time="0.001130125">
        </testcase>
        <testcase classname="tests/unit/frontend/theme-isolation-unit.test.js" name="Theme Isolation &gt; Style Leakage Prevention &gt; should not allow admin styles to leak to main site" time="0.000325">
        </testcase>
        <testcase classname="tests/unit/frontend/theme-isolation-unit.test.js" name="Theme Isolation &gt; Style Leakage Prevention &gt; should not allow main site styles to leak to admin" time="0.000309584">
        </testcase>
        <testcase classname="tests/unit/frontend/theme-isolation-unit.test.js" name="Theme Isolation &gt; System Preference Handling &gt; should handle :root:not([data-theme=&quot;light&quot;]) selector correctly" time="0.000769292">
        </testcase>
        <testcase classname="tests/unit/frontend/theme-isolation-unit.test.js" name="Theme Isolation &gt; Theme Switching &gt; should properly switch styles when changing themes" time="0.000740375">
        </testcase>
        <testcase classname="tests/unit/frontend/theme-isolation-unit.test.js" name="Theme Isolation &gt; Theme Switching &gt; should handle rapid theme switching without style corruption" time="0.000936125">
        </testcase>
        <testcase classname="tests/unit/frontend/theme-isolation-unit.test.js" name="Theme Isolation &gt; CSS Specificity and Cascade &gt; should respect CSS specificity rules" time="0.000317292">
        </testcase>
        <testcase classname="tests/unit/frontend/theme-isolation-unit.test.js" name="Theme Isolation &gt; CSS Specificity and Cascade &gt; should maintain proper cascade order" time="0.000460875">
        </testcase>
    </testsuite>
    <testsuite name="tests/unit/api/brevo-service.test.js" timestamp="2025-09-12T18:06:46.988Z" hostname="Damilolas-MacBook-Air.local" tests="5" failures="0" errors="0" skipped="0" time="0.000475542">
        <testcase classname="tests/unit/api/brevo-service.test.js" name="Brevo Service &gt; Initialization &gt; should fail immediately when BREVO_API_KEY is missing" time="0.000121709">
            <system-err>
❌ FATAL: BREVO_API_KEY secret not configured

            </system-err>
        </testcase>
        <testcase classname="tests/unit/api/brevo-service.test.js" name="Brevo Service &gt; Initialization &gt; should fail immediately when BREVO_API_KEY is empty string" time="0.000065708">
            <system-err>
❌ FATAL: BREVO_API_KEY secret not configured

            </system-err>
        </testcase>
        <testcase classname="tests/unit/api/brevo-service.test.js" name="Brevo Service &gt; Initialization &gt; should initialize successfully when BREVO_API_KEY is provided" time="0.000068209">
        </testcase>
        <testcase classname="tests/unit/api/brevo-service.test.js" name="Brevo Service &gt; Initialization &gt; should log fatal error message when API key is missing" time="0.000096084">
        </testcase>
        <testcase classname="tests/unit/api/brevo-service.test.js" name="Brevo Service &gt; Initialization &gt; should have no test mode or fallback behavior" time="0.000047666">
            <system-err>
❌ FATAL: BREVO_API_KEY secret not configured

            </system-err>
        </testcase>
    </testsuite>
    <testsuite name="tests/unit/api/gallery-fallback.test.js" timestamp="2025-09-12T18:06:46.988Z" hostname="Damilolas-MacBook-Air.local" tests="9" failures="0" errors="0" skipped="0" time="0.004414833">
        <testcase classname="tests/unit/api/gallery-fallback.test.js" name="Gallery Fallback Mechanism &gt; should have valid API endpoint as fallback when static JSON fails" time="0.000878917">
        </testcase>
        <testcase classname="tests/unit/api/gallery-fallback.test.js" name="Gallery Fallback Mechanism &gt; should handle API fallback with event-specific parameters" time="0.000562042">
        </testcase>
        <testcase classname="tests/unit/api/gallery-fallback.test.js" name="Gallery Fallback Mechanism &gt; should provide valid JSON structure for fallback consumption" time="0.000321833">
        </testcase>
        <testcase classname="tests/unit/api/gallery-fallback.test.js" name="Gallery Fallback Mechanism &gt; should validate gallery data structure for frontend compatibility" time="0.000456834">
        </testcase>
        <testcase classname="tests/unit/api/gallery-fallback.test.js" name="Gallery Fallback Mechanism &gt; should handle empty gallery data gracefully in fallback" time="0.000335542">
        </testcase>
        <testcase classname="tests/unit/api/gallery-fallback.test.js" name="Gallery Fallback Mechanism &gt; should handle network errors gracefully in fallback chain" time="0.000279959">
        </testcase>
        <testcase classname="tests/unit/api/gallery-fallback.test.js" name="Gallery Fallback Mechanism &gt; should support event-specific gallery data in fallback" time="0.000558">
        </testcase>
        <testcase classname="tests/unit/api/gallery-fallback.test.js" name="Gallery Fallback Mechanism &gt; should maintain consistent data format across static and API sources" time="0.000337209">
        </testcase>
        <testcase classname="tests/unit/api/gallery-fallback.test.js" name="Gallery Fallback Mechanism &gt; should validate mock data structure matches expected format" time="0.000508458">
        </testcase>
    </testsuite>
    <testsuite name="tests/unit/domain/email/EmailValidator.test.js" timestamp="2025-09-12T18:06:46.988Z" hostname="Damilolas-MacBook-Air.local" tests="58" failures="0" errors="0" skipped="0" time="0.00789225">
        <testcase classname="tests/unit/domain/email/EmailValidator.test.js" name="EmailValidator Domain Service &gt; validateEmail() &gt; validates correct email addresses" time="0.000793167">
        </testcase>
        <testcase classname="tests/unit/domain/email/EmailValidator.test.js" name="EmailValidator Domain Service &gt; validateEmail() &gt; rejects missing or empty emails" time="0.000201458">
        </testcase>
        <testcase classname="tests/unit/domain/email/EmailValidator.test.js" name="EmailValidator Domain Service &gt; validateEmail() &gt; rejects non-string emails" time="0.0000825">
        </testcase>
        <testcase classname="tests/unit/domain/email/EmailValidator.test.js" name="EmailValidator Domain Service &gt; validateEmail() &gt; rejects invalid email formats" time="0.000323291">
        </testcase>
        <testcase classname="tests/unit/domain/email/EmailValidator.test.js" name="EmailValidator Domain Service &gt; validateEmail() &gt; rejects emails with consecutive dots" time="0.000086416">
        </testcase>
        <testcase classname="tests/unit/domain/email/EmailValidator.test.js" name="EmailValidator Domain Service &gt; validateEmail() &gt; rejects emails starting or ending with dots" time="0.000118041">
        </testcase>
        <testcase classname="tests/unit/domain/email/EmailValidator.test.js" name="EmailValidator Domain Service &gt; validateEmail() &gt; rejects emails with invalid @ symbol placement" time="0.000109292">
        </testcase>
        <testcase classname="tests/unit/domain/email/EmailValidator.test.js" name="EmailValidator Domain Service &gt; validateEmail() &gt; rejects emails that are too long" time="0.000089125">
        </testcase>
        <testcase classname="tests/unit/domain/email/EmailValidator.test.js" name="EmailValidator Domain Service &gt; validateEmail() &gt; sanitizes email by converting to lowercase and trimming" time="0.0000925">
        </testcase>
        <testcase classname="tests/unit/domain/email/EmailValidator.test.js" name="EmailValidator Domain Service &gt; validateEmail() &gt; detects common email typos" time="0.000075542">
        </testcase>
        <testcase classname="tests/unit/domain/email/EmailValidator.test.js" name="EmailValidator Domain Service &gt; checkCommonEmailTypos() &gt; detects Gmail typos" time="0.000216125">
        </testcase>
        <testcase classname="tests/unit/domain/email/EmailValidator.test.js" name="EmailValidator Domain Service &gt; checkCommonEmailTypos() &gt; detects Yahoo typos" time="0.000077125">
        </testcase>
        <testcase classname="tests/unit/domain/email/EmailValidator.test.js" name="EmailValidator Domain Service &gt; checkCommonEmailTypos() &gt; detects Hotmail typos" time="0.000072625">
        </testcase>
        <testcase classname="tests/unit/domain/email/EmailValidator.test.js" name="EmailValidator Domain Service &gt; checkCommonEmailTypos() &gt; returns empty array for correct domains" time="0.000064708">
        </testcase>
        <testcase classname="tests/unit/domain/email/EmailValidator.test.js" name="EmailValidator Domain Service &gt; checkCommonEmailTypos() &gt; handles emails without @ symbol" time="0.000064917">
        </testcase>
        <testcase classname="tests/unit/domain/email/EmailValidator.test.js" name="EmailValidator Domain Service &gt; validateMarketingConsent() &gt; validates true consent" time="0.000095458">
        </testcase>
        <testcase classname="tests/unit/domain/email/EmailValidator.test.js" name="EmailValidator Domain Service &gt; validateMarketingConsent() &gt; rejects false consent" time="0.000072083">
        </testcase>
        <testcase classname="tests/unit/domain/email/EmailValidator.test.js" name="EmailValidator Domain Service &gt; validateMarketingConsent() &gt; rejects missing consent" time="0.000096208">
        </testcase>
        <testcase classname="tests/unit/domain/email/EmailValidator.test.js" name="EmailValidator Domain Service &gt; validateMarketingConsent() &gt; rejects non-boolean consent" time="0.00008075">
        </testcase>
        <testcase classname="tests/unit/domain/email/EmailValidator.test.js" name="EmailValidator Domain Service &gt; validateName() &gt; validates correct names" time="0.000519458">
        </testcase>
        <testcase classname="tests/unit/domain/email/EmailValidator.test.js" name="EmailValidator Domain Service &gt; validateName() &gt; handles optional names when not required" time="0.000082209">
        </testcase>
        <testcase classname="tests/unit/domain/email/EmailValidator.test.js" name="EmailValidator Domain Service &gt; validateName() &gt; rejects missing required names" time="0.00007425">
        </testcase>
        <testcase classname="tests/unit/domain/email/EmailValidator.test.js" name="EmailValidator Domain Service &gt; validateName() &gt; rejects non-string names" time="0.000071084">
        </testcase>
        <testcase classname="tests/unit/domain/email/EmailValidator.test.js" name="EmailValidator Domain Service &gt; validateName() &gt; rejects names that are too short" time="0.000075292">
        </testcase>
        <testcase classname="tests/unit/domain/email/EmailValidator.test.js" name="EmailValidator Domain Service &gt; validateName() &gt; rejects names that are too long" time="0.0000765">
        </testcase>
        <testcase classname="tests/unit/domain/email/EmailValidator.test.js" name="EmailValidator Domain Service &gt; validateName() &gt; rejects names with invalid characters" time="0.000206042">
        </testcase>
        <testcase classname="tests/unit/domain/email/EmailValidator.test.js" name="EmailValidator Domain Service &gt; validateName() &gt; sanitizes names by trimming whitespace" time="0.000056417">
        </testcase>
        <testcase classname="tests/unit/domain/email/EmailValidator.test.js" name="EmailValidator Domain Service &gt; validatePhone() &gt; validates correct phone numbers" time="0.000459625">
        </testcase>
        <testcase classname="tests/unit/domain/email/EmailValidator.test.js" name="EmailValidator Domain Service &gt; validatePhone() &gt; handles optional phone when not required" time="0.000076625">
        </testcase>
        <testcase classname="tests/unit/domain/email/EmailValidator.test.js" name="EmailValidator Domain Service &gt; validatePhone() &gt; rejects missing required phone" time="0.000065167">
        </testcase>
        <testcase classname="tests/unit/domain/email/EmailValidator.test.js" name="EmailValidator Domain Service &gt; validatePhone() &gt; rejects non-string phone" time="0.00006575">
        </testcase>
        <testcase classname="tests/unit/domain/email/EmailValidator.test.js" name="EmailValidator Domain Service &gt; validatePhone() &gt; rejects phone that is too long" time="0.000068125">
        </testcase>
        <testcase classname="tests/unit/domain/email/EmailValidator.test.js" name="EmailValidator Domain Service &gt; validatePhone() &gt; rejects invalid phone formats" time="0.000169417">
        </testcase>
        <testcase classname="tests/unit/domain/email/EmailValidator.test.js" name="EmailValidator Domain Service &gt; validatePhone() &gt; sanitizes phone by trimming whitespace" time="0.000052333">
        </testcase>
        <testcase classname="tests/unit/domain/email/EmailValidator.test.js" name="EmailValidator Domain Service &gt; validateSource() &gt; handles valid sources" time="0.000063917">
        </testcase>
        <testcase classname="tests/unit/domain/email/EmailValidator.test.js" name="EmailValidator Domain Service &gt; validateSource() &gt; provides default for missing source" time="0.000068291">
        </testcase>
        <testcase classname="tests/unit/domain/email/EmailValidator.test.js" name="EmailValidator Domain Service &gt; validateSource() &gt; truncates long sources" time="0.000072625">
        </testcase>
        <testcase classname="tests/unit/domain/email/EmailValidator.test.js" name="EmailValidator Domain Service &gt; validateSource() &gt; handles non-string sources" time="0.000047708">
        </testcase>
        <testcase classname="tests/unit/domain/email/EmailValidator.test.js" name="EmailValidator Domain Service &gt; validateAttributes() &gt; validates valid attributes" time="0.000185291">
        </testcase>
        <testcase classname="tests/unit/domain/email/EmailValidator.test.js" name="EmailValidator Domain Service &gt; validateAttributes() &gt; handles missing attributes" time="0.000054625">
        </testcase>
        <testcase classname="tests/unit/domain/email/EmailValidator.test.js" name="EmailValidator Domain Service &gt; validateAttributes() &gt; rejects non-object attributes" time="0.000090292">
        </testcase>
        <testcase classname="tests/unit/domain/email/EmailValidator.test.js" name="EmailValidator Domain Service &gt; validateAttributes() &gt; rejects too many attributes" time="0.000110709">
        </testcase>
        <testcase classname="tests/unit/domain/email/EmailValidator.test.js" name="EmailValidator Domain Service &gt; validateAttributes() &gt; sanitizes string attribute values" time="0.000092042">
        </testcase>
        <testcase classname="tests/unit/domain/email/EmailValidator.test.js" name="EmailValidator Domain Service &gt; validateAttributes() &gt; rejects invalid attribute keys and values" time="0.00009125">
        </testcase>
        <testcase classname="tests/unit/domain/email/EmailValidator.test.js" name="EmailValidator Domain Service &gt; validateListIds() &gt; validates valid list IDs" time="0.00013275">
        </testcase>
        <testcase classname="tests/unit/domain/email/EmailValidator.test.js" name="EmailValidator Domain Service &gt; validateListIds() &gt; provides default for missing list IDs" time="0.000080917">
        </testcase>
        <testcase classname="tests/unit/domain/email/EmailValidator.test.js" name="EmailValidator Domain Service &gt; validateListIds() &gt; rejects non-array list IDs" time="0.000077458">
        </testcase>
        <testcase classname="tests/unit/domain/email/EmailValidator.test.js" name="EmailValidator Domain Service &gt; validateListIds() &gt; rejects too many list IDs" time="0.000076875">
        </testcase>
        <testcase classname="tests/unit/domain/email/EmailValidator.test.js" name="EmailValidator Domain Service &gt; validateListIds() &gt; validates individual list ID values" time="0.000071583">
        </testcase>
        <testcase classname="tests/unit/domain/email/EmailValidator.test.js" name="EmailValidator Domain Service &gt; validateListIds() &gt; filters out invalid IDs and keeps valid ones" time="0.000048417">
        </testcase>
        <testcase classname="tests/unit/domain/email/EmailValidator.test.js" name="EmailValidator Domain Service &gt; validateSubscriptionRequest() &gt; validates complete valid subscription request" time="0.00020425">
        </testcase>
        <testcase classname="tests/unit/domain/email/EmailValidator.test.js" name="EmailValidator Domain Service &gt; validateSubscriptionRequest() &gt; validates minimal valid subscription request" time="0.000085">
        </testcase>
        <testcase classname="tests/unit/domain/email/EmailValidator.test.js" name="EmailValidator Domain Service &gt; validateSubscriptionRequest() &gt; rejects non-object subscription data" time="0.000072167">
        </testcase>
        <testcase classname="tests/unit/domain/email/EmailValidator.test.js" name="EmailValidator Domain Service &gt; validateSubscriptionRequest() &gt; accumulates validation errors from all fields" time="0.000070833">
        </testcase>
        <testcase classname="tests/unit/domain/email/EmailValidator.test.js" name="EmailValidator Domain Service &gt; validateSubscriptionRequest() &gt; sanitizes all valid fields" time="0.000093666">
        </testcase>
        <testcase classname="tests/unit/domain/email/EmailValidator.test.js" name="EmailValidator Domain Service &gt; utility methods &gt; detects disposable email addresses" time="0.000126041">
        </testcase>
        <testcase classname="tests/unit/domain/email/EmailValidator.test.js" name="EmailValidator Domain Service &gt; utility methods &gt; handles invalid emails in disposable check" time="0.000062125">
        </testcase>
        <testcase classname="tests/unit/domain/email/EmailValidator.test.js" name="EmailValidator Domain Service &gt; utility methods &gt; validates unsubscribe tokens" time="0.000176458">
        </testcase>
    </testsuite>
    <testsuite name="tests/unit/domain/email/RateLimiter.test.js" timestamp="2025-09-12T18:06:46.990Z" hostname="Damilolas-MacBook-Air.local" tests="47" failures="0" errors="0" skipped="0" time="0.916924084">
        <testcase classname="tests/unit/domain/email/RateLimiter.test.js" name="RateLimiter Domain Service &gt; constructor &gt; creates instance with provided storage" time="0.000104625">
        </testcase>
        <testcase classname="tests/unit/domain/email/RateLimiter.test.js" name="RateLimiter Domain Service &gt; constructor &gt; creates instance with default storage" time="0.000096542">
        </testcase>
        <testcase classname="tests/unit/domain/email/RateLimiter.test.js" name="RateLimiter Domain Service &gt; checkRateLimit() &gt; allows first request within limit" time="0.000147792">
        </testcase>
        <testcase classname="tests/unit/domain/email/RateLimiter.test.js" name="RateLimiter Domain Service &gt; checkRateLimit() &gt; tracks multiple requests within window" time="0.000063709">
        </testcase>
        <testcase classname="tests/unit/domain/email/RateLimiter.test.js" name="RateLimiter Domain Service &gt; checkRateLimit() &gt; blocks requests when limit exceeded" time="0.000078208">
        </testcase>
        <testcase classname="tests/unit/domain/email/RateLimiter.test.js" name="RateLimiter Domain Service &gt; checkRateLimit() &gt; resets window when expired" time="0.150830959">
        </testcase>
        <testcase classname="tests/unit/domain/email/RateLimiter.test.js" name="RateLimiter Domain Service &gt; checkRateLimit() &gt; uses custom options" time="0.000118125">
        </testcase>
        <testcase classname="tests/unit/domain/email/RateLimiter.test.js" name="RateLimiter Domain Service &gt; checkRateLimit() &gt; throws error for invalid identifier" time="0.00025875">
        </testcase>
        <testcase classname="tests/unit/domain/email/RateLimiter.test.js" name="RateLimiter Domain Service &gt; checkRateLimit() &gt; handles concurrent requests for different identifiers" time="0.000128208">
        </testcase>
        <testcase classname="tests/unit/domain/email/RateLimiter.test.js" name="RateLimiter Domain Service &gt; incrementCounter() &gt; increments counter and updates remaining" time="0.000084333">
        </testcase>
        <testcase classname="tests/unit/domain/email/RateLimiter.test.js" name="RateLimiter Domain Service &gt; incrementCounter() &gt; does not increment when limit exceeded" time="0.000087958">
        </testcase>
        <testcase classname="tests/unit/domain/email/RateLimiter.test.js" name="RateLimiter Domain Service &gt; incrementCounter() &gt; updates storage correctly" time="0.000079541">
        </testcase>
        <testcase classname="tests/unit/domain/email/RateLimiter.test.js" name="RateLimiter Domain Service &gt; resetRateLimit() &gt; removes rate limit data for identifier" time="0.000081375">
        </testcase>
        <testcase classname="tests/unit/domain/email/RateLimiter.test.js" name="RateLimiter Domain Service &gt; resetRateLimit() &gt; uses custom key prefix" time="0.000069208">
        </testcase>
        <testcase classname="tests/unit/domain/email/RateLimiter.test.js" name="RateLimiter Domain Service &gt; getRateLimitStatus() &gt; returns current status without modifying counter" time="0.000071625">
        </testcase>
        <testcase classname="tests/unit/domain/email/RateLimiter.test.js" name="RateLimiter Domain Service &gt; cleanExpiredEntries() &gt; removes expired entries" time="0.151633917">
        </testcase>
        <testcase classname="tests/unit/domain/email/RateLimiter.test.js" name="RateLimiter Domain Service &gt; cleanExpiredEntries() &gt; keeps non-expired entries" time="0.000322417">
        </testcase>
        <testcase classname="tests/unit/domain/email/RateLimiter.test.js" name="RateLimiter Domain Service &gt; cleanExpiredEntries() &gt; filters by key prefix" time="0.000243542">
        </testcase>
        <testcase classname="tests/unit/domain/email/RateLimiter.test.js" name="RateLimiter Domain Service &gt; getActiveRateLimits() &gt; returns active rate limits" time="0.00067875">
        </testcase>
        <testcase classname="tests/unit/domain/email/RateLimiter.test.js" name="RateLimiter Domain Service &gt; getActiveRateLimits() &gt; excludes expired entries" time="0.150953875">
        </testcase>
        <testcase classname="tests/unit/domain/email/RateLimiter.test.js" name="RateLimiter Domain Service &gt; getActiveRateLimits() &gt; filters by key prefix" time="0.000361625">
        </testcase>
        <testcase classname="tests/unit/domain/email/RateLimiter.test.js" name="RateLimiter Domain Service &gt; checkSlidingWindowRateLimit() &gt; allows requests within sliding window" time="0.000278083">
        </testcase>
        <testcase classname="tests/unit/domain/email/RateLimiter.test.js" name="RateLimiter Domain Service &gt; checkSlidingWindowRateLimit() &gt; blocks when sliding window limit exceeded" time="0.000191833">
        </testcase>
        <testcase classname="tests/unit/domain/email/RateLimiter.test.js" name="RateLimiter Domain Service &gt; checkSlidingWindowRateLimit() &gt; allows requests after oldest timestamp expires" time="0.151051375">
        </testcase>
        <testcase classname="tests/unit/domain/email/RateLimiter.test.js" name="RateLimiter Domain Service &gt; checkSlidingWindowRateLimit() &gt; calculates retry after correctly" time="0.000434167">
        </testcase>
        <testcase classname="tests/unit/domain/email/RateLimiter.test.js" name="RateLimiter Domain Service &gt; incrementSlidingWindow() &gt; adds timestamp when allowed" time="0.000272709">
        </testcase>
        <testcase classname="tests/unit/domain/email/RateLimiter.test.js" name="RateLimiter Domain Service &gt; incrementSlidingWindow() &gt; does not add timestamp when blocked" time="0.00015775">
        </testcase>
        <testcase classname="tests/unit/domain/email/RateLimiter.test.js" name="RateLimiter Domain Service &gt; checkTokenBucket() &gt; allows requests when tokens available" time="0.000389083">
        </testcase>
        <testcase classname="tests/unit/domain/email/RateLimiter.test.js" name="RateLimiter Domain Service &gt; checkTokenBucket() &gt; blocks requests when insufficient tokens" time="0.000202416">
        </testcase>
        <testcase classname="tests/unit/domain/email/RateLimiter.test.js" name="RateLimiter Domain Service &gt; checkTokenBucket() &gt; refills tokens over time" time="0.201517708">
        </testcase>
        <testcase classname="tests/unit/domain/email/RateLimiter.test.js" name="RateLimiter Domain Service &gt; checkTokenBucket() &gt; does not exceed bucket capacity" time="0.10094">
        </testcase>
        <testcase classname="tests/unit/domain/email/RateLimiter.test.js" name="RateLimiter Domain Service &gt; checkTokenBucket() &gt; deducts tokens when request allowed" time="0.000146208">
        </testcase>
        <testcase classname="tests/unit/domain/email/RateLimiter.test.js" name="RateLimiter Domain Service &gt; static extractIdentifier() &gt; extracts IP from x-forwarded-for header" time="0.000152167">
        </testcase>
        <testcase classname="tests/unit/domain/email/RateLimiter.test.js" name="RateLimiter Domain Service &gt; static extractIdentifier() &gt; extracts IP from connection.remoteAddress" time="0.000077458">
        </testcase>
        <testcase classname="tests/unit/domain/email/RateLimiter.test.js" name="RateLimiter Domain Service &gt; static extractIdentifier() &gt; extracts IP from socket.remoteAddress" time="0.000068917">
        </testcase>
        <testcase classname="tests/unit/domain/email/RateLimiter.test.js" name="RateLimiter Domain Service &gt; static extractIdentifier() &gt; uses fallback IP when no IP found" time="0.000068125">
        </testcase>
        <testcase classname="tests/unit/domain/email/RateLimiter.test.js" name="RateLimiter Domain Service &gt; static extractIdentifier() &gt; includes user agent when option enabled" time="0.000165625">
        </testcase>
        <testcase classname="tests/unit/domain/email/RateLimiter.test.js" name="RateLimiter Domain Service &gt; static extractIdentifier() &gt; prioritizes x-forwarded-for over connection" time="0.000076833">
        </testcase>
        <testcase classname="tests/unit/domain/email/RateLimiter.test.js" name="RateLimiter Domain Service &gt; static extractIdentifier() &gt; handles x-forwarded-for disabled" time="0.000072125">
        </testcase>
        <testcase classname="tests/unit/domain/email/RateLimiter.test.js" name="RateLimiter Domain Service &gt; static createMiddleware() &gt; creates middleware function" time="0.000161208">
        </testcase>
        <testcase classname="tests/unit/domain/email/RateLimiter.test.js" name="RateLimiter Domain Service &gt; static createMiddleware() &gt; allows request within limits" time="0.000546042">
        </testcase>
        <testcase classname="tests/unit/domain/email/RateLimiter.test.js" name="RateLimiter Domain Service &gt; static createMiddleware() &gt; blocks request when limit exceeded" time="0.000728709">
        </testcase>
        <testcase classname="tests/unit/domain/email/RateLimiter.test.js" name="RateLimiter Domain Service &gt; static createMiddleware() &gt; calls custom onLimitReached handler" time="0.000581084">
        </testcase>
        <testcase classname="tests/unit/domain/email/RateLimiter.test.js" name="RateLimiter Domain Service &gt; static createMiddleware() &gt; handles errors gracefully" time="0.00015475">
        </testcase>
        <testcase classname="tests/unit/domain/email/RateLimiter.test.js" name="RateLimiter Domain Service &gt; static createMiddleware() &gt; supports different algorithms" time="0.000147834">
        </testcase>
        <testcase classname="tests/unit/domain/email/RateLimiter.test.js" name="RateLimiter Domain Service &gt; getMemoryStats() &gt; returns memory usage statistics" time="0.00014">
        </testcase>
        <testcase classname="tests/unit/domain/email/RateLimiter.test.js" name="RateLimiter Domain Service &gt; getMemoryStats() &gt; returns zero stats for empty storage" time="0.00013125">
        </testcase>
    </testsuite>
    <testsuite name="tests/unit/domain/email/SubscriberBuilder.test.js" timestamp="2025-09-12T18:06:46.992Z" hostname="Damilolas-MacBook-Air.local" tests="61" failures="0" errors="0" skipped="0" time="0.006305542">
        <testcase classname="tests/unit/domain/email/SubscriberBuilder.test.js" name="SubscriberBuilder Domain Service &gt; buildSubscriberData() &gt; builds complete subscriber data with all fields" time="0.000856583">
        </testcase>
        <testcase classname="tests/unit/domain/email/SubscriberBuilder.test.js" name="SubscriberBuilder Domain Service &gt; buildSubscriberData() &gt; builds minimal subscriber data with defaults" time="0.000152">
        </testcase>
        <testcase classname="tests/unit/domain/email/SubscriberBuilder.test.js" name="SubscriberBuilder Domain Service &gt; buildSubscriberData() &gt; sets pending status when verification required" time="0.00017525">
        </testcase>
        <testcase classname="tests/unit/domain/email/SubscriberBuilder.test.js" name="SubscriberBuilder Domain Service &gt; buildSubscriberData() &gt; throws error for missing request data" time="0.00017275">
        </testcase>
        <testcase classname="tests/unit/domain/email/SubscriberBuilder.test.js" name="SubscriberBuilder Domain Service &gt; buildSubscriberData() &gt; throws error for missing email" time="0.00007125">
        </testcase>
        <testcase classname="tests/unit/domain/email/SubscriberBuilder.test.js" name="SubscriberBuilder Domain Service &gt; buildSubscriberData() &gt; builds comprehensive attributes" time="0.0002285">
        </testcase>
        <testcase classname="tests/unit/domain/email/SubscriberBuilder.test.js" name="SubscriberBuilder Domain Service &gt; normalizeEmail() &gt; normalizes email to lowercase and trims" time="0.000064667">
        </testcase>
        <testcase classname="tests/unit/domain/email/SubscriberBuilder.test.js" name="SubscriberBuilder Domain Service &gt; normalizeEmail() &gt; throws error for invalid email" time="0.000166125">
        </testcase>
        <testcase classname="tests/unit/domain/email/SubscriberBuilder.test.js" name="SubscriberBuilder Domain Service &gt; normalizeName() &gt; normalizes names to proper case" time="0.000083209">
        </testcase>
        <testcase classname="tests/unit/domain/email/SubscriberBuilder.test.js" name="SubscriberBuilder Domain Service &gt; normalizeName() &gt; trims whitespace from names" time="0.00005775">
        </testcase>
        <testcase classname="tests/unit/domain/email/SubscriberBuilder.test.js" name="SubscriberBuilder Domain Service &gt; normalizeName() &gt; returns null for invalid names" time="0.000060375">
        </testcase>
        <testcase classname="tests/unit/domain/email/SubscriberBuilder.test.js" name="SubscriberBuilder Domain Service &gt; normalizeName() &gt; truncates long names" time="0.000076291">
        </testcase>
        <testcase classname="tests/unit/domain/email/SubscriberBuilder.test.js" name="SubscriberBuilder Domain Service &gt; normalizePhone() &gt; normalizes phone numbers" time="0.000049833">
        </testcase>
        <testcase classname="tests/unit/domain/email/SubscriberBuilder.test.js" name="SubscriberBuilder Domain Service &gt; normalizePhone() &gt; returns null for invalid phones" time="0.000069">
        </testcase>
        <testcase classname="tests/unit/domain/email/SubscriberBuilder.test.js" name="SubscriberBuilder Domain Service &gt; normalizePhone() &gt; truncates long phone numbers" time="0.000057833">
        </testcase>
        <testcase classname="tests/unit/domain/email/SubscriberBuilder.test.js" name="SubscriberBuilder Domain Service &gt; determineInitialStatus() &gt; returns pending when verification required" time="0.000035584">
        </testcase>
        <testcase classname="tests/unit/domain/email/SubscriberBuilder.test.js" name="SubscriberBuilder Domain Service &gt; determineInitialStatus() &gt; returns default status when no verification" time="0.000046917">
        </testcase>
        <testcase classname="tests/unit/domain/email/SubscriberBuilder.test.js" name="SubscriberBuilder Domain Service &gt; determineInitialStatus() &gt; returns active for invalid default status" time="0.000044375">
        </testcase>
        <testcase classname="tests/unit/domain/email/SubscriberBuilder.test.js" name="SubscriberBuilder Domain Service &gt; normalizeListIds() &gt; normalizes valid list ID arrays" time="0.000064584">
        </testcase>
        <testcase classname="tests/unit/domain/email/SubscriberBuilder.test.js" name="SubscriberBuilder Domain Service &gt; normalizeListIds() &gt; returns default for empty or invalid arrays" time="0.000067542">
        </testcase>
        <testcase classname="tests/unit/domain/email/SubscriberBuilder.test.js" name="SubscriberBuilder Domain Service &gt; normalizeListIds() &gt; filters out invalid IDs" time="0.000047958">
        </testcase>
        <testcase classname="tests/unit/domain/email/SubscriberBuilder.test.js" name="SubscriberBuilder Domain Service &gt; normalizeListIds() &gt; limits to maximum 10 lists" time="0.000070958">
        </testcase>
        <testcase classname="tests/unit/domain/email/SubscriberBuilder.test.js" name="SubscriberBuilder Domain Service &gt; normalizeListIds() &gt; uses custom default list ID" time="0.000065791">
        </testcase>
        <testcase classname="tests/unit/domain/email/SubscriberBuilder.test.js" name="SubscriberBuilder Domain Service &gt; buildAttributes() &gt; builds basic attributes" time="0.000071791">
        </testcase>
        <testcase classname="tests/unit/domain/email/SubscriberBuilder.test.js" name="SubscriberBuilder Domain Service &gt; buildAttributes() &gt; includes optional system attributes" time="0.000066083">
        </testcase>
        <testcase classname="tests/unit/domain/email/SubscriberBuilder.test.js" name="SubscriberBuilder Domain Service &gt; buildAttributes() &gt; includes user-provided attributes" time="0.000118292">
        </testcase>
        <testcase classname="tests/unit/domain/email/SubscriberBuilder.test.js" name="SubscriberBuilder Domain Service &gt; buildAttributes() &gt; normalizes source attribute" time="0.000061833">
        </testcase>
        <testcase classname="tests/unit/domain/email/SubscriberBuilder.test.js" name="SubscriberBuilder Domain Service &gt; normalizeSource() &gt; normalizes valid sources" time="0.00005175">
        </testcase>
        <testcase classname="tests/unit/domain/email/SubscriberBuilder.test.js" name="SubscriberBuilder Domain Service &gt; normalizeSource() &gt; maps common source aliases" time="0.000068792">
        </testcase>
        <testcase classname="tests/unit/domain/email/SubscriberBuilder.test.js" name="SubscriberBuilder Domain Service &gt; normalizeSource() &gt; returns default for invalid sources" time="0.000050625">
        </testcase>
        <testcase classname="tests/unit/domain/email/SubscriberBuilder.test.js" name="SubscriberBuilder Domain Service &gt; normalizeSource() &gt; truncates long sources" time="0.000063083">
        </testcase>
        <testcase classname="tests/unit/domain/email/SubscriberBuilder.test.js" name="SubscriberBuilder Domain Service &gt; normalizeUserAgent() &gt; detects common browsers" time="0.000062792">
        </testcase>
        <testcase classname="tests/unit/domain/email/SubscriberBuilder.test.js" name="SubscriberBuilder Domain Service &gt; normalizeUserAgent() &gt; handles Chrome vs Safari detection correctly" time="0.000053583">
        </testcase>
        <testcase classname="tests/unit/domain/email/SubscriberBuilder.test.js" name="SubscriberBuilder Domain Service &gt; normalizeUserAgent() &gt; returns truncated user agent for unknown browsers" time="0.000058709">
        </testcase>
        <testcase classname="tests/unit/domain/email/SubscriberBuilder.test.js" name="SubscriberBuilder Domain Service &gt; normalizeUserAgent() &gt; returns default for invalid user agents" time="0.000060375">
        </testcase>
        <testcase classname="tests/unit/domain/email/SubscriberBuilder.test.js" name="SubscriberBuilder Domain Service &gt; normalizeLanguage() &gt; normalizes valid language codes" time="0.000055584">
        </testcase>
        <testcase classname="tests/unit/domain/email/SubscriberBuilder.test.js" name="SubscriberBuilder Domain Service &gt; normalizeLanguage() &gt; validates against known language codes" time="0.000067583">
        </testcase>
        <testcase classname="tests/unit/domain/email/SubscriberBuilder.test.js" name="SubscriberBuilder Domain Service &gt; normalizeLanguage() &gt; returns default for invalid inputs" time="0.000059375">
        </testcase>
        <testcase classname="tests/unit/domain/email/SubscriberBuilder.test.js" name="SubscriberBuilder Domain Service &gt; normalizeTimezone() &gt; validates and normalizes valid timezones" time="0.000061375">
        </testcase>
        <testcase classname="tests/unit/domain/email/SubscriberBuilder.test.js" name="SubscriberBuilder Domain Service &gt; normalizeTimezone() &gt; returns UTC for invalid timezones" time="0.00007025">
        </testcase>
        <testcase classname="tests/unit/domain/email/SubscriberBuilder.test.js" name="SubscriberBuilder Domain Service &gt; normalizeTimezone() &gt; truncates very long timezone strings" time="0.000059167">
        </testcase>
        <testcase classname="tests/unit/domain/email/SubscriberBuilder.test.js" name="SubscriberBuilder Domain Service &gt; normalizeInterests() &gt; normalizes valid interest arrays" time="0.000042542">
        </testcase>
        <testcase classname="tests/unit/domain/email/SubscriberBuilder.test.js" name="SubscriberBuilder Domain Service &gt; normalizeInterests() &gt; filters out invalid interests" time="0.00004025">
        </testcase>
        <testcase classname="tests/unit/domain/email/SubscriberBuilder.test.js" name="SubscriberBuilder Domain Service &gt; normalizeInterests() &gt; limits to 10 interests" time="0.000074292">
        </testcase>
        <testcase classname="tests/unit/domain/email/SubscriberBuilder.test.js" name="SubscriberBuilder Domain Service &gt; normalizeInterests() &gt; truncates long individual interests" time="0.000071583">
        </testcase>
        <testcase classname="tests/unit/domain/email/SubscriberBuilder.test.js" name="SubscriberBuilder Domain Service &gt; normalizeInterests() &gt; returns empty string for non-array input" time="0.000045042">
        </testcase>
        <testcase classname="tests/unit/domain/email/SubscriberBuilder.test.js" name="SubscriberBuilder Domain Service &gt; normalizeCustomAttributes() &gt; normalizes valid custom attributes" time="0.000073833">
        </testcase>
        <testcase classname="tests/unit/domain/email/SubscriberBuilder.test.js" name="SubscriberBuilder Domain Service &gt; normalizeCustomAttributes() &gt; filters out invalid keys and values" time="0.000082333">
        </testcase>
        <testcase classname="tests/unit/domain/email/SubscriberBuilder.test.js" name="SubscriberBuilder Domain Service &gt; normalizeCustomAttributes() &gt; truncates long string values" time="0.00006075">
        </testcase>
        <testcase classname="tests/unit/domain/email/SubscriberBuilder.test.js" name="SubscriberBuilder Domain Service &gt; normalizeCustomAttributes() &gt; returns empty object for invalid input" time="0.00006675">
        </testcase>
        <testcase classname="tests/unit/domain/email/SubscriberBuilder.test.js" name="SubscriberBuilder Domain Service &gt; buildBrevoContactData() &gt; builds complete Brevo contact data" time="0.000127375">
        </testcase>
        <testcase classname="tests/unit/domain/email/SubscriberBuilder.test.js" name="SubscriberBuilder Domain Service &gt; buildBrevoContactData() &gt; handles minimal subscriber data" time="0.000063416">
        </testcase>
        <testcase classname="tests/unit/domain/email/SubscriberBuilder.test.js" name="SubscriberBuilder Domain Service &gt; generateVerificationToken() &gt; generates 64-character verification token" time="0.000108875">
        </testcase>
        <testcase classname="tests/unit/domain/email/SubscriberBuilder.test.js" name="SubscriberBuilder Domain Service &gt; generateVerificationToken() &gt; generates unique tokens" time="0.00010875">
        </testcase>
        <testcase classname="tests/unit/domain/email/SubscriberBuilder.test.js" name="SubscriberBuilder Domain Service &gt; buildSubscriberResponse() &gt; builds public subscriber response" time="0.000139584">
        </testcase>
        <testcase classname="tests/unit/domain/email/SubscriberBuilder.test.js" name="SubscriberBuilder Domain Service &gt; buildSubscriberResponse() &gt; builds private subscriber response" time="0.000104333">
        </testcase>
        <testcase classname="tests/unit/domain/email/SubscriberBuilder.test.js" name="SubscriberBuilder Domain Service &gt; buildSubscriberResponse() &gt; returns null for missing subscriber data" time="0.000041459">
        </testcase>
        <testcase classname="tests/unit/domain/email/SubscriberBuilder.test.js" name="SubscriberBuilder Domain Service &gt; validateBuiltSubscriber() &gt; validates complete valid subscriber" time="0.000088375">
        </testcase>
        <testcase classname="tests/unit/domain/email/SubscriberBuilder.test.js" name="SubscriberBuilder Domain Service &gt; validateBuiltSubscriber() &gt; rejects invalid subscriber data" time="0.000269458">
        </testcase>
        <testcase classname="tests/unit/domain/email/SubscriberBuilder.test.js" name="SubscriberBuilder Domain Service &gt; validateBuiltSubscriber() &gt; validates status values" time="0.000056584">
        </testcase>
        <testcase classname="tests/unit/domain/email/SubscriberBuilder.test.js" name="SubscriberBuilder Domain Service &gt; validateBuiltSubscriber() &gt; validates list IDs array" time="0.000054417">
        </testcase>
    </testsuite>
    <testsuite name="tests/unit/domain/payment/PaymentCalculator.test.js" timestamp="2025-09-12T18:06:46.995Z" hostname="Damilolas-MacBook-Air.local" tests="41" failures="0" errors="0" skipped="0" time="0.002262625">
        <testcase classname="tests/unit/domain/payment/PaymentCalculator.test.js" name="PaymentCalculator Domain Service &gt; calculateCartTotal() &gt; calculates total for single item cart" time="0.000189375">
        </testcase>
        <testcase classname="tests/unit/domain/payment/PaymentCalculator.test.js" name="PaymentCalculator Domain Service &gt; calculateCartTotal() &gt; calculates total for multiple item cart" time="0.000073792">
        </testcase>
        <testcase classname="tests/unit/domain/payment/PaymentCalculator.test.js" name="PaymentCalculator Domain Service &gt; calculateCartTotal() &gt; handles empty cart" time="0.000050375">
        </testcase>
        <testcase classname="tests/unit/domain/payment/PaymentCalculator.test.js" name="PaymentCalculator Domain Service &gt; calculateCartTotal() &gt; handles null/undefined cart items" time="0.000035542">
        </testcase>
        <testcase classname="tests/unit/domain/payment/PaymentCalculator.test.js" name="PaymentCalculator Domain Service &gt; calculateCartTotal() &gt; handles cart with decimal precision" time="0.000044292">
        </testcase>
        <testcase classname="tests/unit/domain/payment/PaymentCalculator.test.js" name="PaymentCalculator Domain Service &gt; calculateCartTotal() &gt; provides detailed breakdown for each item" time="0.00006675">
        </testcase>
        <testcase classname="tests/unit/domain/payment/PaymentCalculator.test.js" name="PaymentCalculator Domain Service &gt; calculateItemTotal() &gt; calculates item total correctly" time="0.000048042">
        </testcase>
        <testcase classname="tests/unit/domain/payment/PaymentCalculator.test.js" name="PaymentCalculator Domain Service &gt; calculateItemTotal() &gt; handles invalid item data" time="0.000033166">
        </testcase>
        <testcase classname="tests/unit/domain/payment/PaymentCalculator.test.js" name="PaymentCalculator Domain Service &gt; calculateItemTotal() &gt; rejects negative prices" time="0.000034709">
        </testcase>
        <testcase classname="tests/unit/domain/payment/PaymentCalculator.test.js" name="PaymentCalculator Domain Service &gt; calculateItemTotal() &gt; rejects zero or negative quantities" time="0.000036167">
        </testcase>
        <testcase classname="tests/unit/domain/payment/PaymentCalculator.test.js" name="PaymentCalculator Domain Service &gt; calculateItemTotal() &gt; handles zero price items" time="0.00003325">
        </testcase>
        <testcase classname="tests/unit/domain/payment/PaymentCalculator.test.js" name="PaymentCalculator Domain Service &gt; determineOrderType() &gt; identifies ticket-only order" time="0.000090625">
        </testcase>
        <testcase classname="tests/unit/domain/payment/PaymentCalculator.test.js" name="PaymentCalculator Domain Service &gt; determineOrderType() &gt; identifies donation-only order" time="0.000051208">
        </testcase>
        <testcase classname="tests/unit/domain/payment/PaymentCalculator.test.js" name="PaymentCalculator Domain Service &gt; determineOrderType() &gt; identifies merchandise-only order" time="0.000050709">
        </testcase>
        <testcase classname="tests/unit/domain/payment/PaymentCalculator.test.js" name="PaymentCalculator Domain Service &gt; determineOrderType() &gt; identifies mixed order type" time="0.00006375">
        </testcase>
        <testcase classname="tests/unit/domain/payment/PaymentCalculator.test.js" name="PaymentCalculator Domain Service &gt; determineOrderType() &gt; handles empty cart" time="0.000045583">
        </testcase>
        <testcase classname="tests/unit/domain/payment/PaymentCalculator.test.js" name="PaymentCalculator Domain Service &gt; calculateTax() &gt; applies Colorado tax rate (currently 0%)" time="0.00005075">
        </testcase>
        <testcase classname="tests/unit/domain/payment/PaymentCalculator.test.js" name="PaymentCalculator Domain Service &gt; calculateTax() &gt; applies default tax rate for unknown zones" time="0.000032417">
        </testcase>
        <testcase classname="tests/unit/domain/payment/PaymentCalculator.test.js" name="PaymentCalculator Domain Service &gt; calculateTax() &gt; handles zero subtotal" time="0.000029083">
        </testcase>
        <testcase classname="tests/unit/domain/payment/PaymentCalculator.test.js" name="PaymentCalculator Domain Service &gt; calculateProcessingFees() &gt; calculates card processing fees (currently 0%)" time="0.000047334">
        </testcase>
        <testcase classname="tests/unit/domain/payment/PaymentCalculator.test.js" name="PaymentCalculator Domain Service &gt; calculateProcessingFees() &gt; handles Stripe Link payment method" time="0.000031208">
        </testcase>
        <testcase classname="tests/unit/domain/payment/PaymentCalculator.test.js" name="PaymentCalculator Domain Service &gt; calculateProcessingFees() &gt; falls back to card rate for unknown payment methods" time="0.000029792">
        </testcase>
        <testcase classname="tests/unit/domain/payment/PaymentCalculator.test.js" name="PaymentCalculator Domain Service &gt; applyDiscount() &gt; applies percentage discount" time="0.000065292">
        </testcase>
        <testcase classname="tests/unit/domain/payment/PaymentCalculator.test.js" name="PaymentCalculator Domain Service &gt; applyDiscount() &gt; applies fixed dollar discount" time="0.000035292">
        </testcase>
        <testcase classname="tests/unit/domain/payment/PaymentCalculator.test.js" name="PaymentCalculator Domain Service &gt; applyDiscount() &gt; caps fixed discount at subtotal amount" time="0.000028584">
        </testcase>
        <testcase classname="tests/unit/domain/payment/PaymentCalculator.test.js" name="PaymentCalculator Domain Service &gt; applyDiscount() &gt; enforces minimum order requirements" time="0.000035667">
        </testcase>
        <testcase classname="tests/unit/domain/payment/PaymentCalculator.test.js" name="PaymentCalculator Domain Service &gt; applyDiscount() &gt; handles inactive discount" time="0.000031625">
        </testcase>
        <testcase classname="tests/unit/domain/payment/PaymentCalculator.test.js" name="PaymentCalculator Domain Service &gt; applyDiscount() &gt; handles missing discount" time="0.000033375">
        </testcase>
        <testcase classname="tests/unit/domain/payment/PaymentCalculator.test.js" name="PaymentCalculator Domain Service &gt; convertToStripeCents() &gt; converts dollars to cents correctly" time="0.000044875">
        </testcase>
        <testcase classname="tests/unit/domain/payment/PaymentCalculator.test.js" name="PaymentCalculator Domain Service &gt; convertToStripeCents() &gt; rounds fractional cents" time="0.0000265">
        </testcase>
        <testcase classname="tests/unit/domain/payment/PaymentCalculator.test.js" name="PaymentCalculator Domain Service &gt; convertToStripeCents() &gt; handles invalid inputs" time="0.000040417">
        </testcase>
        <testcase classname="tests/unit/domain/payment/PaymentCalculator.test.js" name="PaymentCalculator Domain Service &gt; convertToStripeCents() &gt; handles zero amount" time="0.000024833">
        </testcase>
        <testcase classname="tests/unit/domain/payment/PaymentCalculator.test.js" name="PaymentCalculator Domain Service &gt; convertFromStripeCents() &gt; converts cents to dollars correctly" time="0.0000405">
        </testcase>
        <testcase classname="tests/unit/domain/payment/PaymentCalculator.test.js" name="PaymentCalculator Domain Service &gt; convertFromStripeCents() &gt; handles invalid inputs" time="0.000038917">
        </testcase>
        <testcase classname="tests/unit/domain/payment/PaymentCalculator.test.js" name="PaymentCalculator Domain Service &gt; convertFromStripeCents() &gt; handles zero amount" time="0.000019625">
        </testcase>
[...]
            <system-out>
[Auth] Starting auth service initialization...
[Auth] Environment: {
  NODE_ENV: [32m&apos;production&apos;[39m,
  VERCEL_ENV: [32m&apos;production&apos;[39m,
  CI: [90mundefined[39m,
  E2E_TEST_MODE: [90mundefined[39m
}
[Auth] Checking for ADMIN_SECRET...
[Auth] Available env vars: [
  [32m&apos;SPOTIFY_CLIENT_SECRET&apos;[39m,
  [32m&apos;VERCEL_TOKEN&apos;[39m,
  [32m&apos;VERCEL_PROJECT_ID&apos;[39m,
  [32m&apos;VERCEL_ORG_ID&apos;[39m,
  [32m&apos;QR_SECRET_KEY&apos;[39m,
  [32m&apos;WALLET_AUTH_SECRET&apos;[39m,
  [32m&apos;ADMIN_SECRET&apos;[39m,
  [32m&apos;VERCEL_ENV&apos;[39m
]
[Auth] ADMIN_SECRET loaded, length: [33m52[39m
[Auth] Session duration set to: [33m3600000[39m ms
[Auth] Auth service initialization completed successfully
[Auth] Environment detection: {
  isProduction: [33mtrue[39m,
  isNonProd: [33mfalse[39m,
  VERCEL_ENV: [32m&apos;production&apos;[39m,
  NODE_ENV: [32m&apos;production&apos;[39m,
  hasTestPassword: [33mfalse[39m,
  hasAdminPassword: [33mfalse[39m,
  testPasswordLength: [90mundefined[39m,
  adminPasswordHashPrefix: [90mundefined[39m
}

            </system-out>
            <system-err>
[Auth] Production environment but ADMIN_PASSWORD not configured

            </system-err>
        </testcase>
        <testcase classname="tests/unit/services/auth-service-password.test.js" name="AuthService Password Verification &gt; Error Handling &gt; should return false for null password" time="0.000170042">
            <system-out>
[Auth] Starting auth service initialization...
[Auth] Environment: {
  NODE_ENV: [32m&apos;test&apos;[39m,
  VERCEL_ENV: [90mundefined[39m,
  CI: [32m&apos;true&apos;[39m,
  E2E_TEST_MODE: [90mundefined[39m
}
[Auth] Checking for ADMIN_SECRET...
[Auth] Available env vars: [
  [32m&apos;SPOTIFY_CLIENT_SECRET&apos;[39m,
  [32m&apos;VERCEL_TOKEN&apos;[39m,
  [32m&apos;ADMIN_PASSWORD&apos;[39m,
  [32m&apos;VERCEL_PROJECT_ID&apos;[39m,
  [32m&apos;VERCEL_ORG_ID&apos;[39m,
  [32m&apos;QR_SECRET_KEY&apos;[39m,
  [32m&apos;WALLET_AUTH_SECRET&apos;[39m,
  [32m&apos;TEST_ADMIN_PASSWORD&apos;[39m,
  [32m&apos;ADMIN_SECRET&apos;[39m
]
[Auth] ADMIN_SECRET loaded, length: [33m52[39m
[Auth] Session duration set to: [33m3600000[39m ms
[Auth] Auth service initialization completed successfully
[Auth] Password verification failed: No password provided

            </system-out>
        </testcase>
        <testcase classname="tests/unit/services/auth-service-password.test.js" name="AuthService Password Verification &gt; Error Handling &gt; should return false for undefined password" time="0.000157375">
            <system-out>
[Auth] Starting auth service initialization...
[Auth] Environment: {
  NODE_ENV: [32m&apos;test&apos;[39m,
  VERCEL_ENV: [90mundefined[39m,
  CI: [32m&apos;true&apos;[39m,
  E2E_TEST_MODE: [90mundefined[39m
}
[Auth] Checking for ADMIN_SECRET...
[Auth] Available env vars: [
  [32m&apos;SPOTIFY_CLIENT_SECRET&apos;[39m,
  [32m&apos;VERCEL_TOKEN&apos;[39m,
  [32m&apos;ADMIN_PASSWORD&apos;[39m,
  [32m&apos;VERCEL_PROJECT_ID&apos;[39m,
  [32m&apos;VERCEL_ORG_ID&apos;[39m,
  [32m&apos;QR_SECRET_KEY&apos;[39m,
  [32m&apos;WALLET_AUTH_SECRET&apos;[39m,
  [32m&apos;TEST_ADMIN_PASSWORD&apos;[39m,
  [32m&apos;ADMIN_SECRET&apos;[39m
]
[Auth] ADMIN_SECRET loaded, length: [33m52[39m
[Auth] Session duration set to: [33m3600000[39m ms
[Auth] Auth service initialization completed successfully
[Auth] Password verification failed: No password provided

            </system-out>
        </testcase>
        <testcase classname="tests/unit/services/auth-service-password.test.js" name="AuthService Password Verification &gt; Error Handling &gt; should return false for empty string password" time="0.000143">
            <system-out>
[Auth] Starting auth service initialization...
[Auth] Environment: {
  NODE_ENV: [32m&apos;test&apos;[39m,
  VERCEL_ENV: [90mundefined[39m,
  CI: [32m&apos;true&apos;[39m,
  E2E_TEST_MODE: [90mundefined[39m
}
[Auth] Checking for ADMIN_SECRET...
[Auth] Available env vars: [
  [32m&apos;SPOTIFY_CLIENT_SECRET&apos;[39m,
  [32m&apos;VERCEL_TOKEN&apos;[39m,
  [32m&apos;ADMIN_PASSWORD&apos;[39m,
  [32m&apos;VERCEL_PROJECT_ID&apos;[39m,
  [32m&apos;VERCEL_ORG_ID&apos;[39m,
  [32m&apos;QR_SECRET_KEY&apos;[39m,
  [32m&apos;WALLET_AUTH_SECRET&apos;[39m,
  [32m&apos;TEST_ADMIN_PASSWORD&apos;[39m,
  [32m&apos;ADMIN_SECRET&apos;[39m
]
[Auth] ADMIN_SECRET loaded, length: [33m52[39m
[Auth] Session duration set to: [33m3600000[39m ms
[Auth] Auth service initialization completed successfully
[Auth] Password verification failed: No password provided

            </system-out>
        </testcase>
        <testcase classname="tests/unit/services/auth-service-password.test.js" name="AuthService Password Verification &gt; Error Handling &gt; should throw when initialization fails" time="0.000290542">
            <system-out>
[Auth] Starting auth service initialization...
[Auth] Environment: {
  NODE_ENV: [32m&apos;test&apos;[39m,
  VERCEL_ENV: [90mundefined[39m,
  CI: [32m&apos;true&apos;[39m,
  E2E_TEST_MODE: [90mundefined[39m
}
[Auth] Checking for ADMIN_SECRET...
[Auth] Available env vars: [
  [32m&apos;SPOTIFY_CLIENT_SECRET&apos;[39m,
  [32m&apos;VERCEL_TOKEN&apos;[39m,
  [32m&apos;ADMIN_PASSWORD&apos;[39m,
  [32m&apos;VERCEL_PROJECT_ID&apos;[39m,
  [32m&apos;VERCEL_ORG_ID&apos;[39m,
  [32m&apos;QR_SECRET_KEY&apos;[39m,
  [32m&apos;WALLET_AUTH_SECRET&apos;[39m,
  [32m&apos;TEST_ADMIN_PASSWORD&apos;[39m
]

            </system-out>
            <system-err>
[Auth] ADMIN_SECRET not found in environment variables
[Auth] All env var keys: [
  [32m&apos;ADMIN_PASSWORD&apos;[39m,
  [32m&apos;APPLE_PASS_KEY&apos;[39m,
  [32m&apos;BASE_URL&apos;[39m,
  [32m&apos;CI&apos;[39m,
  [32m&apos;CI_ENVIRONMENT&apos;[39m,
  [32m&apos;CLAUDECODE&apos;[39m,
  [32m&apos;CLAUDE_CODE_ENTRYPOINT&apos;[39m,
  [32m&apos;CLICOLOR&apos;[39m,
  [32m&apos;COLOR&apos;[39m,
  [32m&apos;CONTEXT7_API_KEY&apos;[39m,
  [32m&apos;COREPACK_ENABLE_AUTO_PIN&apos;[39m,
  [32m&apos;DATABASE_URL&apos;[39m,
  [32m&apos;DEV&apos;[39m,
  [32m&apos;EDITOR&apos;[39m,
  [32m&apos;ELEVENLABS_API_KEY&apos;[39m,
  [32m&apos;GITHUB_TOKEN&apos;[39m,
  [32m&apos;GIT_EDITOR&apos;[39m,
  [32m&apos;HOME&apos;[39m,
  [32m&apos;HOMEBREW_CELLAR&apos;[39m,
  [32m&apos;HOMEBREW_PREFIX&apos;[39m,
  [32m&apos;HOMEBREW_REPOSITORY&apos;[39m,
  [32m&apos;INFOPATH&apos;[39m,
  [32m&apos;INIT_CWD&apos;[39m,
  [32m&apos;INTERNAL_API_KEY&apos;[39m,
  [32m&apos;LANG&apos;[39m,
  [32m&apos;LOGNAME&apos;[39m,
  [32m&apos;LSCOLORS&apos;[39m,
  [32m&apos;MODE&apos;[39m,
  [32m&apos;NODE&apos;[39m,
  [32m&apos;NODE_ENV&apos;[39m,
  [32m&apos;NODE_OPTIONS&apos;[39m,
  [32m&apos;NOTION_API_KEY&apos;[39m,
  [32m&apos;NoDefaultCurrentDirectoryInExePath&apos;[39m,
  [32m&apos;OTEL_EXPORTER_OTLP_METRICS_TEMPORALITY_PREFERENCE&apos;[39m,
  [32m&apos;PATH&apos;[39m,
  [32m&apos;PROD&apos;[39m,
  [32m&apos;PWD&apos;[39m,
  [32m&apos;QR_SECRET_KEY&apos;[39m,
  [32m&apos;SHELL&apos;[39m,
  [32m&apos;SHLVL&apos;[39m,
  [32m&apos;SPOTIFY_CLIENT_ID&apos;[39m,
  [32m&apos;SPOTIFY_CLIENT_SECRET&apos;[39m,
  [32m&apos;SPOTIFY_REDIRECT_URI&apos;[39m,
  [32m&apos;SSH_AUTH_SOCK&apos;[39m,
  [32m&apos;SSR&apos;[39m,
  [32m&apos;TERM&apos;[39m,
  [32m&apos;TERM_PROGRAM&apos;[39m,
  [32m&apos;TERM_PROGRAM_VERSION&apos;[39m,
  [32m&apos;TERM_SESSION_ID&apos;[39m,
  [32m&apos;TEST&apos;[39m,
  [32m&apos;TEST_ADMIN_PASSWORD&apos;[39m,
  [32m&apos;TEST_BASE_URL&apos;[39m,
  [32m&apos;TEST_PORT&apos;[39m,
  [32m&apos;TEST_TYPE&apos;[39m,
  [32m&apos;TINYPOOL_WORKER_ID&apos;[39m,
  [32m&apos;TMPDIR&apos;[39m,
  [32m&apos;TURSO_DATABASE_URL&apos;[39m,
  [32m&apos;UNIT_ONLY_MODE&apos;[39m,
  [32m&apos;USER&apos;[39m,
  [32m&apos;VERCEL_ORG_ID&apos;[39m,
  [32m&apos;VERCEL_PROJECT_ID&apos;[39m,
  [32m&apos;VERCEL_TOKEN&apos;[39m,
  [32m&apos;VIPSHOME&apos;[39m,
  [32m&apos;VITEST&apos;[39m,
  [32m&apos;VITEST_CLEANUP_TIMEOUT&apos;[39m,
  [32m&apos;VITEST_HOOK_TIMEOUT&apos;[39m,
  [32m&apos;VITEST_MODE&apos;[39m,
  [32m&apos;VITEST_POOL_ID&apos;[39m,
  [32m&apos;VITEST_SETUP_TIMEOUT&apos;[39m,
  [32m&apos;VITEST_TEST_TIMEOUT&apos;[39m,
  [32m&apos;VITEST_WORKER_ID&apos;[39m,
  [32m&apos;VITE_USER_NODE_ENV&apos;[39m,
  [32m&apos;WALLET_AUTH_SECRET&apos;[39m,
  [32m&apos;XPC_FLAGS&apos;[39m,
  [32m&apos;XPC_SERVICE_NAME&apos;[39m,
  [32m&apos;_&apos;[39m,
  [32m&apos;__CFBundleIdentifier&apos;[39m,
  [32m&apos;__CF_USER_TEXT_ENCODING&apos;[39m,
  [32m&apos;npm_command&apos;[39m,
  [32m&apos;npm_config_cache&apos;[39m,
  [32m&apos;npm_config_global_prefix&apos;[39m,
  [32m&apos;npm_config_globalconfig&apos;[39m,
  [32m&apos;npm_config_init_module&apos;[39m,
  [32m&apos;npm_config_local_prefix&apos;[39m,
  [32m&apos;npm_config_node_gyp&apos;[39m,
  [32m&apos;npm_config_noproxy&apos;[39m,
  [32m&apos;npm_config_npm_version&apos;[39m,
  [32m&apos;npm_config_prefix&apos;[39m,
  [32m&apos;npm_config_user_agent&apos;[39m,
  [32m&apos;npm_config_userconfig&apos;[39m,
  [32m&apos;npm_execpath&apos;[39m,
  [32m&apos;npm_lifecycle_event&apos;[39m,
  [32m&apos;npm_lifecycle_script&apos;[39m,
  [32m&apos;npm_node_execpath&apos;[39m,
  [32m&apos;npm_package_engines_node&apos;[39m,
  [32m&apos;npm_package_json&apos;[39m,
  [32m&apos;npm_package_name&apos;[39m,
  [32m&apos;npm_package_version&apos;[39m
]
[Auth] Initialization failed: ❌ FATAL: ADMIN_SECRET not configured

            </system-err>
        </testcase>
        <testcase classname="tests/unit/services/auth-service-password.test.js" name="AuthService Password Verification &gt; Security Considerations &gt; should handle passwords with special characters" time="0.000164291">
            <system-out>
[Auth] Starting auth service initialization...
[Auth] Environment: {
  NODE_ENV: [32m&apos;test&apos;[39m,
  VERCEL_ENV: [90mundefined[39m,
  CI: [32m&apos;true&apos;[39m,
  E2E_TEST_MODE: [90mundefined[39m
}
[Auth] Checking for ADMIN_SECRET...
[Auth] Available env vars: [
  [32m&apos;SPOTIFY_CLIENT_SECRET&apos;[39m,
  [32m&apos;VERCEL_TOKEN&apos;[39m,
  [32m&apos;ADMIN_PASSWORD&apos;[39m,
  [32m&apos;VERCEL_PROJECT_ID&apos;[39m,
  [32m&apos;VERCEL_ORG_ID&apos;[39m,
  [32m&apos;QR_SECRET_KEY&apos;[39m,
  [32m&apos;WALLET_AUTH_SECRET&apos;[39m,
  [32m&apos;TEST_ADMIN_PASSWORD&apos;[39m,
  [32m&apos;ADMIN_SECRET&apos;[39m
]
[Auth] ADMIN_SECRET loaded, length: [33m52[39m
[Auth] Session duration set to: [33m3600000[39m ms
[Auth] Auth service initialization completed successfully
[Auth] Environment detection: {
  isProduction: [33mfalse[39m,
  isNonProd: [33mtrue[39m,
  VERCEL_ENV: [90mundefined[39m,
  NODE_ENV: [32m&apos;test&apos;[39m,
  hasTestPassword: [33mtrue[39m,
  hasAdminPassword: [33mtrue[39m,
  testPasswordLength: [33m12[39m,
  adminPasswordHashPrefix: [32m&apos;$2b$10$&apos;[39m
}
[Auth] Non-prod password check: {
  providedLength: [33m12[39m,
  expectedLength: [33m12[39m,
  firstCharMatch: [33mtrue[39m,
  lastCharMatch: [33mtrue[39m
}
[Auth] TEST_ADMIN_PASSWORD verification result: [33mtrue[39m

            </system-out>
        </testcase>
        <testcase classname="tests/unit/services/auth-service-password.test.js" name="AuthService Password Verification &gt; Security Considerations &gt; should handle very long passwords" time="0.000165167">
            <system-out>
[Auth] Starting auth service initialization...
[Auth] Environment: {
  NODE_ENV: [32m&apos;test&apos;[39m,
  VERCEL_ENV: [90mundefined[39m,
  CI: [32m&apos;true&apos;[39m,
  E2E_TEST_MODE: [90mundefined[39m
}
[Auth] Checking for ADMIN_SECRET...
[Auth] Available env vars: [
  [32m&apos;SPOTIFY_CLIENT_SECRET&apos;[39m,
  [32m&apos;VERCEL_TOKEN&apos;[39m,
  [32m&apos;ADMIN_PASSWORD&apos;[39m,
  [32m&apos;VERCEL_PROJECT_ID&apos;[39m,
  [32m&apos;VERCEL_ORG_ID&apos;[39m,
  [32m&apos;QR_SECRET_KEY&apos;[39m,
  [32m&apos;WALLET_AUTH_SECRET&apos;[39m,
  [32m&apos;TEST_ADMIN_PASSWORD&apos;[39m,
  [32m&apos;ADMIN_SECRET&apos;[39m
]
[Auth] ADMIN_SECRET loaded, length: [33m52[39m
[Auth] Session duration set to: [33m3600000[39m ms
[Auth] Auth service initialization completed successfully
[Auth] Environment detection: {
  isProduction: [33mfalse[39m,
  isNonProd: [33mtrue[39m,
  VERCEL_ENV: [90mundefined[39m,
  NODE_ENV: [32m&apos;test&apos;[39m,
  hasTestPassword: [33mtrue[39m,
  hasAdminPassword: [33mtrue[39m,
  testPasswordLength: [33m200[39m,
  adminPasswordHashPrefix: [32m&apos;$2b$10$&apos;[39m
}
[Auth] Non-prod password check: {
  providedLength: [33m200[39m,
  expectedLength: [33m200[39m,
  firstCharMatch: [33mtrue[39m,
  lastCharMatch: [33mtrue[39m
}
[Auth] TEST_ADMIN_PASSWORD verification result: [33mtrue[39m

            </system-out>
        </testcase>
        <testcase classname="tests/unit/services/auth-service-password.test.js" name="AuthService Password Verification &gt; Security Considerations &gt; should be case-sensitive" time="0.00016925">
            <system-out>
[Auth] Starting auth service initialization...
[Auth] Environment: {
  NODE_ENV: [32m&apos;test&apos;[39m,
  VERCEL_ENV: [90mundefined[39m,
  CI: [32m&apos;true&apos;[39m,
  E2E_TEST_MODE: [90mundefined[39m
}
[Auth] Checking for ADMIN_SECRET...
[Auth] Available env vars: [
  [32m&apos;SPOTIFY_CLIENT_SECRET&apos;[39m,
  [32m&apos;VERCEL_TOKEN&apos;[39m,
  [32m&apos;ADMIN_PASSWORD&apos;[39m,
  [32m&apos;VERCEL_PROJECT_ID&apos;[39m,
  [32m&apos;VERCEL_ORG_ID&apos;[39m,
  [32m&apos;QR_SECRET_KEY&apos;[39m,
  [32m&apos;WALLET_AUTH_SECRET&apos;[39m,
  [32m&apos;TEST_ADMIN_PASSWORD&apos;[39m,
  [32m&apos;ADMIN_SECRET&apos;[39m
]
[Auth] ADMIN_SECRET loaded, length: [33m52[39m
[Auth] Session duration set to: [33m3600000[39m ms
[Auth] Auth service initialization completed successfully
[Auth] Environment detection: {
  isProduction: [33mfalse[39m,
  isNonProd: [33mtrue[39m,
  VERCEL_ENV: [90mundefined[39m,
  NODE_ENV: [32m&apos;test&apos;[39m,
  hasTestPassword: [33mtrue[39m,
  hasAdminPassword: [33mtrue[39m,
  testPasswordLength: [33m12[39m,
  adminPasswordHashPrefix: [32m&apos;$2b$10$&apos;[39m
}
[Auth] Non-prod password check: {
  providedLength: [33m12[39m,
  expectedLength: [33m12[39m,
  firstCharMatch: [33mfalse[39m,
  lastCharMatch: [33mtrue[39m
}
[Auth] TEST_ADMIN_PASSWORD verification result: [33mfalse[39m
[Auth] Environment detection: {
  isProduction: [33mfalse[39m,
  isNonProd: [33mtrue[39m,
  VERCEL_ENV: [90mundefined[39m,
  NODE_ENV: [32m&apos;test&apos;[39m,
  hasTestPassword: [33mtrue[39m,
  hasAdminPassword: [33mtrue[39m,
  testPasswordLength: [33m12[39m,
  adminPasswordHashPrefix: [32m&apos;$2b$10$&apos;[39m
}
[Auth] Non-prod password check: {
  providedLength: [33m12[39m,
  expectedLength: [33m12[39m,
  firstCharMatch: [33mtrue[39m,
  lastCharMatch: [33mtrue[39m
}
[Auth] TEST_ADMIN_PASSWORD verification result: [33mtrue[39m

            </system-out>
        </testcase>
        <testcase classname="tests/unit/services/auth-service-password.test.js" name="AuthService Password Verification &gt; Security Considerations &gt; should handle whitespace-only passwords" time="0.000157208">
            <system-out>
[Auth] Starting auth service initialization...
[Auth] Environment: {
  NODE_ENV: [32m&apos;test&apos;[39m,
  VERCEL_ENV: [90mundefined[39m,
  CI: [32m&apos;true&apos;[39m,
  E2E_TEST_MODE: [90mundefined[39m
}
[Auth] Checking for ADMIN_SECRET...
[Auth] Available env vars: [
  [32m&apos;SPOTIFY_CLIENT_SECRET&apos;[39m,
  [32m&apos;VERCEL_TOKEN&apos;[39m,
  [32m&apos;ADMIN_PASSWORD&apos;[39m,
  [32m&apos;VERCEL_PROJECT_ID&apos;[39m,
  [32m&apos;VERCEL_ORG_ID&apos;[39m,
  [32m&apos;QR_SECRET_KEY&apos;[39m,
  [32m&apos;WALLET_AUTH_SECRET&apos;[39m,
  [32m&apos;TEST_ADMIN_PASSWORD&apos;[39m,
  [32m&apos;ADMIN_SECRET&apos;[39m
]
[Auth] ADMIN_SECRET loaded, length: [33m52[39m
[Auth] Session duration set to: [33m3600000[39m ms
[Auth] Auth service initialization completed successfully
[Auth] Environment detection: {
  isProduction: [33mfalse[39m,
  isNonProd: [33mtrue[39m,
  VERCEL_ENV: [90mundefined[39m,
  NODE_ENV: [32m&apos;test&apos;[39m,
  hasTestPassword: [33mtrue[39m,
  hasAdminPassword: [33mtrue[39m,
  testPasswordLength: [33m3[39m,
  adminPasswordHashPrefix: [32m&apos;$2b$10$&apos;[39m
}
[Auth] Non-prod password check: {
  providedLength: [33m0[39m,
  expectedLength: [33m0[39m,
  firstCharMatch: [33mtrue[39m,
  lastCharMatch: [33mtrue[39m
}
[Auth] TEST_ADMIN_PASSWORD verification result: [33mtrue[39m

            </system-out>
        </testcase>
        <testcase classname="tests/unit/services/auth-service-password.test.js" name="AuthService Password Verification &gt; Mixed Environment Scenarios &gt; should handle Vercel preview environment correctly" time="0.000173167">
            <system-out>
[Auth] Starting auth service initialization...
[Auth] Environment: {
  NODE_ENV: [32m&apos;production&apos;[39m,
  VERCEL_ENV: [32m&apos;preview&apos;[39m,
  CI: [32m&apos;true&apos;[39m,
  E2E_TEST_MODE: [90mundefined[39m
}
[Auth] Checking for ADMIN_SECRET...
[Auth] Available env vars: [
  [32m&apos;SPOTIFY_CLIENT_SECRET&apos;[39m,
  [32m&apos;VERCEL_TOKEN&apos;[39m,
  [32m&apos;ADMIN_PASSWORD&apos;[39m,
  [32m&apos;VERCEL_PROJECT_ID&apos;[39m,
  [32m&apos;VERCEL_ORG_ID&apos;[39m,
  [32m&apos;QR_SECRET_KEY&apos;[39m,
  [32m&apos;WALLET_AUTH_SECRET&apos;[39m,
  [32m&apos;TEST_ADMIN_PASSWORD&apos;[39m,
  [32m&apos;ADMIN_SECRET&apos;[39m,
  [32m&apos;VERCEL_ENV&apos;[39m
]
[Auth] ADMIN_SECRET loaded, length: [33m52[39m
[Auth] Session duration set to: [33m3600000[39m ms
[Auth] Auth service initialization completed successfully
[Auth] Environment detection: {
  isProduction: [33mfalse[39m,
  isNonProd: [33mtrue[39m,
  VERCEL_ENV: [32m&apos;preview&apos;[39m,
  NODE_ENV: [32m&apos;production&apos;[39m,
  hasTestPassword: [33mtrue[39m,
  hasAdminPassword: [33mtrue[39m,
  testPasswordLength: [33m10[39m,
  adminPasswordHashPrefix: [32m&apos;$2a$10$&apos;[39m
}
[Auth] Non-prod password check: {
  providedLength: [33m10[39m,
  expectedLength: [33m10[39m,
  firstCharMatch: [33mtrue[39m,
  lastCharMatch: [33mtrue[39m
}
[Auth] TEST_ADMIN_PASSWORD verification result: [33mtrue[39m

            </system-out>
        </testcase>
        <testcase classname="tests/unit/services/auth-service-password.test.js" name="AuthService Password Verification &gt; Mixed Environment Scenarios &gt; should require both NODE_ENV and VERCEL_ENV for production" time="0.000164792">
            <system-out>
[Auth] Starting auth service initialization...
[Auth] Environment: {
  NODE_ENV: [32m&apos;production&apos;[39m,
  VERCEL_ENV: [90mundefined[39m,
  CI: [32m&apos;true&apos;[39m,
  E2E_TEST_MODE: [90mundefined[39m
}
[Auth] Checking for ADMIN_SECRET...
[Auth] Available env vars: [
  [32m&apos;SPOTIFY_CLIENT_SECRET&apos;[39m,
  [32m&apos;VERCEL_TOKEN&apos;[39m,
  [32m&apos;ADMIN_PASSWORD&apos;[39m,
  [32m&apos;VERCEL_PROJECT_ID&apos;[39m,
  [32m&apos;VERCEL_ORG_ID&apos;[39m,
  [32m&apos;QR_SECRET_KEY&apos;[39m,
  [32m&apos;WALLET_AUTH_SECRET&apos;[39m,
  [32m&apos;TEST_ADMIN_PASSWORD&apos;[39m,
  [32m&apos;ADMIN_SECRET&apos;[39m
]
[Auth] ADMIN_SECRET loaded, length: [33m52[39m
[Auth] Session duration set to: [33m3600000[39m ms
[Auth] Auth service initialization completed successfully
[Auth] Environment detection: {
  isProduction: [33mfalse[39m,
  isNonProd: [33mtrue[39m,
  VERCEL_ENV: [90mundefined[39m,
  NODE_ENV: [32m&apos;production&apos;[39m,
  hasTestPassword: [33mtrue[39m,
  hasAdminPassword: [33mtrue[39m,
  testPasswordLength: [33m7[39m,
  adminPasswordHashPrefix: [32m&apos;$2b$10$&apos;[39m
}
[Auth] Non-prod password check: {
  providedLength: [33m7[39m,
  expectedLength: [33m7[39m,
  firstCharMatch: [33mtrue[39m,
  lastCharMatch: [33mtrue[39m
}
[Auth] TEST_ADMIN_PASSWORD verification result: [33mtrue[39m

            </system-out>
        </testcase>
    </testsuite>
</testsuites>
